INFO - 2024-05-14 00:45:44 --> Session: Class initialized using 'CodeIgniter\Session\Handlers\FileHandler' driver.
INFO - 2024-05-14 00:45:44 --> Session: Class initialized using 'CodeIgniter\Session\Handlers\FileHandler' driver.
INFO - 2024-05-14 00:45:47 --> Session: Class initialized using 'CodeIgniter\Session\Handlers\FileHandler' driver.
INFO - 2024-05-14 00:45:49 --> Session: Class initialized using 'CodeIgniter\Session\Handlers\FileHandler' driver.
INFO - 2024-05-14 00:45:55 --> Session: Class initialized using 'CodeIgniter\Session\Handlers\FileHandler' driver.
INFO - 2024-05-14 00:46:01 --> Session: Class initialized using 'CodeIgniter\Session\Handlers\FileHandler' driver.
INFO - 2024-05-14 00:48:53 --> Session: Class initialized using 'CodeIgniter\Session\Handlers\FileHandler' driver.
INFO - 2024-05-14 00:53:52 --> Session: Class initialized using 'CodeIgniter\Session\Handlers\FileHandler' driver.
INFO - 2024-05-14 00:54:40 --> Session: Class initialized using 'CodeIgniter\Session\Handlers\FileHandler' driver.
INFO - 2024-05-14 01:23:10 --> Session: Class initialized using 'CodeIgniter\Session\Handlers\FileHandler' driver.
INFO - 2024-05-14 01:23:50 --> Session: Class initialized using 'CodeIgniter\Session\Handlers\FileHandler' driver.
INFO - 2024-05-14 01:24:07 --> Session: Class initialized using 'CodeIgniter\Session\Handlers\FileHandler' driver.
INFO - 2024-05-14 01:26:21 --> Session: Class initialized using 'CodeIgniter\Session\Handlers\FileHandler' driver.
INFO - 2024-05-14 01:28:28 --> Session: Class initialized using 'CodeIgniter\Session\Handlers\FileHandler' driver.
INFO - 2024-05-14 01:30:58 --> Session: Class initialized using 'CodeIgniter\Session\Handlers\FileHandler' driver.
INFO - 2024-05-14 01:39:05 --> Session: Class initialized using 'CodeIgniter\Session\Handlers\FileHandler' driver.
INFO - 2024-05-14 02:19:29 --> Session: Class initialized using 'CodeIgniter\Session\Handlers\FileHandler' driver.
CRITICAL - 2024-05-14 09:21:08 --> ErrorException: Undefined array key 2
[Method: POST, Route: submit_form_good_receive]
in APPPATH/Controllers/Incoming/Form/FormGRController.php on line 76.
 1 APPPATH/Controllers/Incoming/Form/FormGRController.php(76): CodeIgniter\Debug\Exceptions->errorHandler(2, 'Undefined array key 2', '/Users/stefanus/Documents/CODING/BACKEND/PHP/PROJECT/prorgam_scm_repair/app/Controllers/Incoming/Form/FormGRController.php', 76)
 2 SYSTEMPATH/CodeIgniter.php(933): App\Controllers\Incoming\Form\FormGRController->InputDataGoodReceive()
 3 SYSTEMPATH/CodeIgniter.php(509): CodeIgniter\CodeIgniter->runController(Object(App\Controllers\Incoming\Form\FormGRController))
 4 SYSTEMPATH/CodeIgniter.php(355): CodeIgniter\CodeIgniter->handleRequest(null, Object(Config\Cache), false)
 5 SYSTEMPATH/Boot.php(312): CodeIgniter\CodeIgniter->run()
 6 SYSTEMPATH/Boot.php(67): CodeIgniter\Boot::runCodeIgniter(Object(CodeIgniter\CodeIgniter))
 7 FCPATH/index.php(56): CodeIgniter\Boot::bootWeb(Object(Config\Paths))
 8 SYSTEMPATH/Commands/Server/rewrite.php(49): require_once('/Users/stefanus/Documents/CODING/BACKEND/PHP/PROJECT/prorgam_scm_repair/public/index.php')
ERROR - 2024-05-14 09:25:52 --> Missing key at index 2
INFO - 2024-05-14 09:25:52 --> Session: Class initialized using 'CodeIgniter\Session\Handlers\FileHandler' driver.
INFO - 2024-05-14 02:25:52 --> Session: Class initialized using 'CodeIgniter\Session\Handlers\FileHandler' driver.
INFO - 2024-05-14 02:27:44 --> Session: Class initialized using 'CodeIgniter\Session\Handlers\FileHandler' driver.
WARNING - 2024-05-14 02:27:44 --> [DEPRECATED] substr(): Passing null to parameter #1 ($string) of type string is deprecated in APPPATH/Models/Incoming/MasterData/MasterGRModel.php on line 77.
 1 APPPATH/Models/Incoming/MasterData/MasterGRModel.php(77): substr(null, -4)
 2 APPPATH/Controllers/Incoming/Form/FormGRController.php(142): App\Models\Incoming\MasterData\MasterGRModel->KodeOtomatisGR()
 3 SYSTEMPATH/CodeIgniter.php(933): App\Controllers\Incoming\Form\FormGRController->BuatKodeGR()
 4 SYSTEMPATH/CodeIgniter.php(509): CodeIgniter\CodeIgniter->runController(Object(App\Controllers\Incoming\Form\FormGRController))
 5 SYSTEMPATH/CodeIgniter.php(355): CodeIgniter\CodeIgniter->handleRequest(null, Object(Config\Cache), false)
 6 SYSTEMPATH/Boot.php(312): CodeIgniter\CodeIgniter->run()
 7 SYSTEMPATH/Boot.php(67): CodeIgniter\Boot::runCodeIgniter(Object(CodeIgniter\CodeIgniter))
 8 FCPATH/index.php(56): CodeIgniter\Boot::bootWeb(Object(Config\Paths))
 9 SYSTEMPATH/Commands/Server/rewrite.php(49): require_once('/Users/stefanus/Documents/CODING/BACKEND/PHP/PROJECT/prorgam_scm_repair/public/index.php')
WARNING - 2024-05-14 02:27:44 --> [DEPRECATED] substr(): Passing null to parameter #1 ($string) of type string is deprecated in APPPATH/Models/Incoming/MasterData/MasterGRModel.php on line 94.
 1 APPPATH/Models/Incoming/MasterData/MasterGRModel.php(94): substr(null, -4)
 2 APPPATH/Controllers/Incoming/Form/FormGRController.php(148): App\Models\Incoming\MasterData\MasterGRModel->KodeOtomatisKodeBatch()
 3 SYSTEMPATH/CodeIgniter.php(933): App\Controllers\Incoming\Form\FormGRController->BuatKodeBatch()
 4 SYSTEMPATH/CodeIgniter.php(509): CodeIgniter\CodeIgniter->runController(Object(App\Controllers\Incoming\Form\FormGRController))
 5 SYSTEMPATH/CodeIgniter.php(355): CodeIgniter\CodeIgniter->handleRequest(null, Object(Config\Cache), false)
 6 SYSTEMPATH/Boot.php(312): CodeIgniter\CodeIgniter->run()
 7 SYSTEMPATH/Boot.php(67): CodeIgniter\Boot::runCodeIgniter(Object(CodeIgniter\CodeIgniter))
 8 FCPATH/index.php(56): CodeIgniter\Boot::bootWeb(Object(Config\Paths))
 9 SYSTEMPATH/Commands/Server/rewrite.php(49): require_once('/Users/stefanus/Documents/CODING/BACKEND/PHP/PROJECT/prorgam_scm_repair/public/index.php')
WARNING - 2024-05-14 02:27:44 --> [DEPRECATED] substr(): Passing null to parameter #1 ($string) of type string is deprecated in APPPATH/Models/Incoming/MasterData/MasterGRModel.php on line 112.
 1 APPPATH/Models/Incoming/MasterData/MasterGRModel.php(112): substr(null, -4)
 2 APPPATH/Controllers/Incoming/Form/FormGRController.php(154): App\Models\Incoming\MasterData\MasterGRModel->KodeOtomatisPRD()
 3 SYSTEMPATH/CodeIgniter.php(933): App\Controllers\Incoming\Form\FormGRController->BuatKodePRD()
 4 SYSTEMPATH/CodeIgniter.php(509): CodeIgniter\CodeIgniter->runController(Object(App\Controllers\Incoming\Form\FormGRController))
 5 SYSTEMPATH/CodeIgniter.php(355): CodeIgniter\CodeIgniter->handleRequest(null, Object(Config\Cache), false)
 6 SYSTEMPATH/Boot.php(312): CodeIgniter\CodeIgniter->run()
 7 SYSTEMPATH/Boot.php(67): CodeIgniter\Boot::runCodeIgniter(Object(CodeIgniter\CodeIgniter))
 8 FCPATH/index.php(56): CodeIgniter\Boot::bootWeb(Object(Config\Paths))
 9 SYSTEMPATH/Commands/Server/rewrite.php(49): require_once('/Users/stefanus/Documents/CODING/BACKEND/PHP/PROJECT/prorgam_scm_repair/public/index.php')
ERROR - 2024-05-14 09:28:19 --> Missing key at index 2
INFO - 2024-05-14 09:28:19 --> Session: Class initialized using 'CodeIgniter\Session\Handlers\FileHandler' driver.
INFO - 2024-05-14 02:28:19 --> Session: Class initialized using 'CodeIgniter\Session\Handlers\FileHandler' driver.
INFO - 2024-05-14 02:30:43 --> Session: Class initialized using 'CodeIgniter\Session\Handlers\FileHandler' driver.
WARNING - 2024-05-14 02:30:44 --> [DEPRECATED] substr(): Passing null to parameter #1 ($string) of type string is deprecated in APPPATH/Models/Incoming/MasterData/MasterGRModel.php on line 77.
 1 APPPATH/Models/Incoming/MasterData/MasterGRModel.php(77): substr(null, -4)
 2 APPPATH/Controllers/Incoming/Form/FormGRController.php(142): App\Models\Incoming\MasterData\MasterGRModel->KodeOtomatisGR()
 3 SYSTEMPATH/CodeIgniter.php(933): App\Controllers\Incoming\Form\FormGRController->BuatKodeGR()
 4 SYSTEMPATH/CodeIgniter.php(509): CodeIgniter\CodeIgniter->runController(Object(App\Controllers\Incoming\Form\FormGRController))
 5 SYSTEMPATH/CodeIgniter.php(355): CodeIgniter\CodeIgniter->handleRequest(null, Object(Config\Cache), false)
 6 SYSTEMPATH/Boot.php(312): CodeIgniter\CodeIgniter->run()
 7 SYSTEMPATH/Boot.php(67): CodeIgniter\Boot::runCodeIgniter(Object(CodeIgniter\CodeIgniter))
 8 FCPATH/index.php(56): CodeIgniter\Boot::bootWeb(Object(Config\Paths))
 9 SYSTEMPATH/Commands/Server/rewrite.php(49): require_once('/Users/stefanus/Documents/CODING/BACKEND/PHP/PROJECT/prorgam_scm_repair/public/index.php')
WARNING - 2024-05-14 02:30:44 --> [DEPRECATED] substr(): Passing null to parameter #1 ($string) of type string is deprecated in APPPATH/Models/Incoming/MasterData/MasterGRModel.php on line 94.
 1 APPPATH/Models/Incoming/MasterData/MasterGRModel.php(94): substr(null, -4)
 2 APPPATH/Controllers/Incoming/Form/FormGRController.php(148): App\Models\Incoming\MasterData\MasterGRModel->KodeOtomatisKodeBatch()
 3 SYSTEMPATH/CodeIgniter.php(933): App\Controllers\Incoming\Form\FormGRController->BuatKodeBatch()
 4 SYSTEMPATH/CodeIgniter.php(509): CodeIgniter\CodeIgniter->runController(Object(App\Controllers\Incoming\Form\FormGRController))
 5 SYSTEMPATH/CodeIgniter.php(355): CodeIgniter\CodeIgniter->handleRequest(null, Object(Config\Cache), false)
 6 SYSTEMPATH/Boot.php(312): CodeIgniter\CodeIgniter->run()
 7 SYSTEMPATH/Boot.php(67): CodeIgniter\Boot::runCodeIgniter(Object(CodeIgniter\CodeIgniter))
 8 FCPATH/index.php(56): CodeIgniter\Boot::bootWeb(Object(Config\Paths))
 9 SYSTEMPATH/Commands/Server/rewrite.php(49): require_once('/Users/stefanus/Documents/CODING/BACKEND/PHP/PROJECT/prorgam_scm_repair/public/index.php')
WARNING - 2024-05-14 02:30:44 --> [DEPRECATED] substr(): Passing null to parameter #1 ($string) of type string is deprecated in APPPATH/Models/Incoming/MasterData/MasterGRModel.php on line 112.
 1 APPPATH/Models/Incoming/MasterData/MasterGRModel.php(112): substr(null, -4)
 2 APPPATH/Controllers/Incoming/Form/FormGRController.php(154): App\Models\Incoming\MasterData\MasterGRModel->KodeOtomatisPRD()
 3 SYSTEMPATH/CodeIgniter.php(933): App\Controllers\Incoming\Form\FormGRController->BuatKodePRD()
 4 SYSTEMPATH/CodeIgniter.php(509): CodeIgniter\CodeIgniter->runController(Object(App\Controllers\Incoming\Form\FormGRController))
 5 SYSTEMPATH/CodeIgniter.php(355): CodeIgniter\CodeIgniter->handleRequest(null, Object(Config\Cache), false)
 6 SYSTEMPATH/Boot.php(312): CodeIgniter\CodeIgniter->run()
 7 SYSTEMPATH/Boot.php(67): CodeIgniter\Boot::runCodeIgniter(Object(CodeIgniter\CodeIgniter))
 8 FCPATH/index.php(56): CodeIgniter\Boot::bootWeb(Object(Config\Paths))
 9 SYSTEMPATH/Commands/Server/rewrite.php(49): require_once('/Users/stefanus/Documents/CODING/BACKEND/PHP/PROJECT/prorgam_scm_repair/public/index.php')
ERROR - 2024-05-14 09:31:23 --> Missing key at index 2
INFO - 2024-05-14 09:31:23 --> Session: Class initialized using 'CodeIgniter\Session\Handlers\FileHandler' driver.
INFO - 2024-05-14 02:31:23 --> Session: Class initialized using 'CodeIgniter\Session\Handlers\FileHandler' driver.
INFO - 2024-05-14 02:33:01 --> Session: Class initialized using 'CodeIgniter\Session\Handlers\FileHandler' driver.
INFO - 2024-05-14 09:33:42 --> Form Data Received: Array
(
    [nomor_po] => TEST.PO.2024.04.0010
    [tanggal_po] => 2024-04-07
    [kode] => Array
        (
            [0] => 100001
            [1] => 100002
            [2] => 100001
        )

    [supplier] => Array
        (
            [0] => TEST VENDOR - SCM
            [1] => TEST VENDOR - SCM
        )

    [nama_barang] => Array
        (
            [0] => GULA
            [1] => BERAS
        )

    [qty_po] => Array
        (
            [0] => 1000
            [1] => 2000
        )

    [satuan] => Array
        (
            [0] => KG
            [1] => KG
        )

    [qty_dtg] => Array
        (
            [0] => 400
            [1] => 300
            [2] => 300
        )

    [kode_batch] => Array
        (
            [0] => coba 1
            [1] => coba 2
        )

    [exp_date] => Array
        (
            [0] => 2024-05-15
            [1] => 2024-05-15
            [2] => 2024-05-16
        )

    [qty_gr_outstd] => Array
        (
            [0] => 600
            [1] => 1700
        )

    [satuan_berat] => Array
        (
            [0] => KG
        )

    [nomor_gr] => GR0002
    [desc_gr] => 
    [tanggal_gr] => 
    [warehouse] => WHCK2
    [est_kirim] => 
    [kode_prd] => PRD0002
)

INFO - 2024-05-14 09:33:42 --> Inserting Data: Array
(
    [po_id] => 1
    [nomor_po] => TEST.PO.2024.04.0010
    [tanggal_po] => 2024-04-07
    [kode] => 100001
    [nama_barang] => GULA
    [nomor_gr] => GR0002
    [desc_gr] => 
    [tanggal_gr] => 
    [warehouse] => WHCK2
    [supplier] => TEST VENDOR - SCM
    [est_kirim] => 
    [qty_po] => 1000
    [qty_dtg] => 400
    [batch] => 
    [kode_batch] => coba 1
    [kode_prd] => PRD0002
    [exp_date] => 2024-05-15
    [satuan] => KG
    [qty_gr_outstd] => 600
    [status_gr] => outstanding
    [created_at] => 2024-05-14 09:33:42
)

INFO - 2024-05-14 09:33:42 --> Data inserted successfully for key: 0
INFO - 2024-05-14 09:33:42 --> Inserting Data: Array
(
    [po_id] => 1
    [nomor_po] => TEST.PO.2024.04.0010
    [tanggal_po] => 2024-04-07
    [kode] => 100002
    [nama_barang] => BERAS
    [nomor_gr] => GR0002
    [desc_gr] => 
    [tanggal_gr] => 
    [warehouse] => WHCK2
    [supplier] => TEST VENDOR - SCM
    [est_kirim] => 
    [qty_po] => 2000
    [qty_dtg] => 300
    [batch] => 
    [kode_batch] => coba 2
    [kode_prd] => PRD0002
    [exp_date] => 2024-05-15
    [satuan] => KG
    [qty_gr_outstd] => 1700
    [status_gr] => outstanding
    [created_at] => 2024-05-14 09:33:42
)

INFO - 2024-05-14 09:33:42 --> Data inserted successfully for key: 1
ERROR - 2024-05-14 09:33:42 --> Missing key at index 2
INFO - 2024-05-14 09:33:42 --> Session: Class initialized using 'CodeIgniter\Session\Handlers\FileHandler' driver.
INFO - 2024-05-14 02:33:42 --> Session: Class initialized using 'CodeIgniter\Session\Handlers\FileHandler' driver.
INFO - 2024-05-14 02:43:20 --> Session: Class initialized using 'CodeIgniter\Session\Handlers\FileHandler' driver.
INFO - 2024-05-14 09:43:53 --> Form Data Received: Array
(
    [nomor_po] => TEST.PO.2024.04.0010
    [tanggal_po] => 2024-04-07
    [kode] => Array
        (
            [0] => 100001
            [1] => 100002
            [2] => 100001
        )

    [supplier] => Array
        (
            [0] => TEST VENDOR - SCM
            [1] => TEST VENDOR - SCM
        )

    [nama_barang] => Array
        (
            [0] => GULA
            [1] => BERAS
        )

    [qty_po] => Array
        (
            [0] => 1000
            [1] => 2000
        )

    [satuan] => Array
        (
            [0] => KG
            [1] => KG
            [2] => KG
        )

    [qty_dtg] => Array
        (
            [0] => 400
            [1] => 2000
            [2] => 300
        )

    [kode_batch] => Array
        (
            [0] => coba 1
            [1] => 
        )

    [exp_date] => Array
        (
            [0] => 2024-05-15
            [1] => 
            [2] => 2024-05-15
        )

    [qty_gr_outstd] => Array
        (
            [0] => 600
            [1] => 0
        )

    [nomor_gr] => GR0003
    [desc_gr] => 
    [tanggal_gr] => 
    [warehouse] => WHCK2
    [est_kirim] => 
    [kode_prd] => PRD0003
)

INFO - 2024-05-14 09:43:53 --> Inserting Data: Array
(
    [po_id] => 1
    [nomor_po] => TEST.PO.2024.04.0010
    [tanggal_po] => 2024-04-07
    [kode] => 100001
    [nama_barang] => GULA
    [nomor_gr] => GR0003
    [desc_gr] => 
    [tanggal_gr] => 
    [warehouse] => WHCK2
    [supplier] => TEST VENDOR - SCM
    [est_kirim] => 
    [qty_po] => 1000
    [qty_dtg] => 400
    [batch] => 
    [kode_batch] => coba 1
    [kode_prd] => PRD0003
    [exp_date] => 2024-05-15
    [satuan] => KG
    [qty_gr_outstd] => 600
    [status_gr] => outstanding
    [created_at] => 2024-05-14 09:43:53
)

INFO - 2024-05-14 09:43:53 --> Data inserted successfully for key: 0
INFO - 2024-05-14 09:43:53 --> Inserting Data: Array
(
    [po_id] => 1
    [nomor_po] => TEST.PO.2024.04.0010
    [tanggal_po] => 2024-04-07
    [kode] => 100002
    [nama_barang] => BERAS
    [nomor_gr] => GR0003
    [desc_gr] => 
    [tanggal_gr] => 
    [warehouse] => WHCK2
    [supplier] => TEST VENDOR - SCM
    [est_kirim] => 
    [qty_po] => 2000
    [qty_dtg] => 2000
    [batch] => 
    [kode_batch] => 
    [kode_prd] => PRD0003
    [exp_date] => 
    [satuan] => KG
    [qty_gr_outstd] => 0
    [status_gr] => fulfilled
    [created_at] => 2024-05-14 09:43:53
)

INFO - 2024-05-14 09:43:53 --> Data inserted successfully for key: 1
ERROR - 2024-05-14 09:43:53 --> Missing key at index 2
INFO - 2024-05-14 09:43:53 --> Session: Class initialized using 'CodeIgniter\Session\Handlers\FileHandler' driver.
INFO - 2024-05-14 02:43:53 --> Session: Class initialized using 'CodeIgniter\Session\Handlers\FileHandler' driver.
INFO - 2024-05-14 09:47:08 --> Form Data Received: Array
(
    [nomor_po] => TEST.PO.2024.04.0010
    [tanggal_po] => 2024-04-07
    [kode] => Array
        (
            [0] => 100001
            [1] => 100002
            [2] => 100001
        )

    [supplier] => Array
        (
            [0] => TEST VENDOR - SCM
            [1] => TEST VENDOR - SCM
        )

    [nama_barang] => Array
        (
            [0] => GULA
            [1] => BERAS
        )

    [qty_po] => Array
        (
            [0] => 1000
            [1] => 2000
        )

    [satuan] => Array
        (
            [0] => KG
            [1] => KG
            [2] => KG
        )

    [qty_dtg] => Array
        (
            [0] => 300
            [1] => 
            [2] => 40
        )

    [kode_batch] => Array
        (
            [0] => 
            [1] => 
        )

    [exp_date] => Array
        (
            [0] => 
            [1] => 
            [2] => 2024-05-15
        )

    [qty_gr_outstd] => Array
        (
            [0] => 700
            [1] => 
        )

    [nomor_gr] => GR0004
    [desc_gr] => 
    [tanggal_gr] => 
    [warehouse] => WHCK2
    [est_kirim] => 
    [kode_prd] => PRD0004
)

INFO - 2024-05-14 09:47:08 --> Inserting Data: Array
(
    [po_id] => 1
    [nomor_po] => TEST.PO.2024.04.0010
    [tanggal_po] => 2024-04-07
    [kode] => 100001
    [nama_barang] => GULA
    [nomor_gr] => GR0004
    [desc_gr] => 
    [tanggal_gr] => 
    [warehouse] => WHCK2
    [supplier] => TEST VENDOR - SCM
    [est_kirim] => 
    [qty_po] => 1000
    [qty_dtg] => 300
    [batch] => 
    [kode_batch] => 
    [kode_prd] => PRD0004
    [exp_date] => 
    [satuan] => KG
    [qty_gr_outstd] => 700
    [status_gr] => outstanding
    [created_at] => 2024-05-14 09:47:08
)

INFO - 2024-05-14 09:47:08 --> Data inserted successfully for key: 0
INFO - 2024-05-14 09:47:08 --> Inserting Data: Array
(
    [po_id] => 1
    [nomor_po] => TEST.PO.2024.04.0010
    [tanggal_po] => 2024-04-07
    [kode] => 100002
    [nama_barang] => BERAS
    [nomor_gr] => GR0004
    [desc_gr] => 
    [tanggal_gr] => 
    [warehouse] => WHCK2
    [supplier] => TEST VENDOR - SCM
    [est_kirim] => 
    [qty_po] => 2000
    [qty_dtg] => 
    [batch] => 
    [kode_batch] => 
    [kode_prd] => PRD0004
    [exp_date] => 
    [satuan] => KG
    [qty_gr_outstd] => 
    [status_gr] => outstanding
    [created_at] => 2024-05-14 09:47:08
)

INFO - 2024-05-14 09:47:08 --> Data inserted successfully for key: 1
ERROR - 2024-05-14 09:47:08 --> Missing key at index 2
INFO - 2024-05-14 09:47:08 --> Session: Class initialized using 'CodeIgniter\Session\Handlers\FileHandler' driver.
INFO - 2024-05-14 02:47:08 --> Session: Class initialized using 'CodeIgniter\Session\Handlers\FileHandler' driver.
INFO - 2024-05-14 09:49:15 --> Form Data Received: Array
(
    [nomor_po] => TEST.PO.2024.04.0010
    [tanggal_po] => 2024-04-07
    [kode] => Array
        (
            [0] => 100001
            [1] => 100002
            [2] => 100002
        )

    [supplier] => Array
        (
            [0] => TEST VENDOR - SCM
            [1] => TEST VENDOR - SCM
        )

    [nama_barang] => Array
        (
            [0] => GULA
            [1] => BERAS
        )

    [qty_po] => Array
        (
            [0] => 1000
            [1] => 2000
        )

    [satuan] => Array
        (
            [0] => KG
            [1] => KG
            [2] => KG
        )

    [qty_dtg] => Array
        (
            [0] => 300
            [1] => 
            [2] => 500
        )

    [kode_batch] => Array
        (
            [0] => 
            [1] => 
        )

    [exp_date] => Array
        (
            [0] => 
            [1] => 
            [2] => 2024-05-15
        )

    [qty_gr_outstd] => Array
        (
            [0] => 700
            [1] => 
        )

    [nomor_gr] => GR0005
    [desc_gr] => 
    [tanggal_gr] => 
    [warehouse] => WHCK2
    [est_kirim] => 
    [kode_prd] => PRD0005
)

INFO - 2024-05-14 09:49:15 --> Inserting Data: Array
(
    [po_id] => 1
    [nomor_po] => TEST.PO.2024.04.0010
    [tanggal_po] => 2024-04-07
    [kode] => 100001
    [nama_barang] => GULA
    [nomor_gr] => GR0005
    [desc_gr] => 
    [tanggal_gr] => 
    [warehouse] => WHCK2
    [supplier] => TEST VENDOR - SCM
    [est_kirim] => 
    [qty_po] => 1000
    [qty_dtg] => 300
    [batch] => 
    [kode_batch] => 
    [kode_prd] => PRD0005
    [exp_date] => 
    [satuan] => KG
    [qty_gr_outstd] => 700
    [status_gr] => outstanding
    [created_at] => 2024-05-14 09:49:15
)

INFO - 2024-05-14 09:49:15 --> Data inserted successfully for key: 0
INFO - 2024-05-14 09:49:15 --> Inserting Data: Array
(
    [po_id] => 1
    [nomor_po] => TEST.PO.2024.04.0010
    [tanggal_po] => 2024-04-07
    [kode] => 100002
    [nama_barang] => BERAS
    [nomor_gr] => GR0005
    [desc_gr] => 
    [tanggal_gr] => 
    [warehouse] => WHCK2
    [supplier] => TEST VENDOR - SCM
    [est_kirim] => 
    [qty_po] => 2000
    [qty_dtg] => 
    [batch] => 
    [kode_batch] => 
    [kode_prd] => PRD0005
    [exp_date] => 
    [satuan] => KG
    [qty_gr_outstd] => 
    [status_gr] => outstanding
    [created_at] => 2024-05-14 09:49:15
)

INFO - 2024-05-14 09:49:15 --> Data inserted successfully for key: 1
ERROR - 2024-05-14 09:49:15 --> Missing key at index 2
INFO - 2024-05-14 09:49:15 --> Session: Class initialized using 'CodeIgniter\Session\Handlers\FileHandler' driver.
INFO - 2024-05-14 02:49:15 --> Session: Class initialized using 'CodeIgniter\Session\Handlers\FileHandler' driver.
INFO - 2024-05-14 02:55:09 --> Session: Class initialized using 'CodeIgniter\Session\Handlers\FileHandler' driver.
INFO - 2024-05-14 02:56:26 --> Session: Class initialized using 'CodeIgniter\Session\Handlers\FileHandler' driver.
INFO - 2024-05-14 02:56:39 --> Session: Class initialized using 'CodeIgniter\Session\Handlers\FileHandler' driver.
INFO - 2024-05-14 02:56:44 --> Session: Class initialized using 'CodeIgniter\Session\Handlers\FileHandler' driver.
INFO - 2024-05-14 02:57:05 --> Session: Class initialized using 'CodeIgniter\Session\Handlers\FileHandler' driver.
INFO - 2024-05-14 03:01:38 --> Session: Class initialized using 'CodeIgniter\Session\Handlers\FileHandler' driver.
INFO - 2024-05-14 03:02:33 --> Session: Class initialized using 'CodeIgniter\Session\Handlers\FileHandler' driver.
INFO - 2024-05-14 10:03:06 --> Form Data Received: Array
(
    [nomor_po] => TEST.PO.2024.04.0010
    [tanggal_po] => 2024-04-07
    [kode] => Array
        (
            [0] => 100001
            [1] => 100002
            [2] => 100001
        )

    [supplier] => Array
        (
            [0] => TEST VENDOR - SCM
            [1] => TEST VENDOR - SCM
        )

    [nama_barang] => Array
        (
            [0] => GULA
            [1] => BERAS
        )

    [qty_po] => Array
        (
            [0] => 1000
            [1] => 2000
        )

    [satuan] => Array
        (
            [0] => KG
            [1] => KG
            [2] => KG
        )

    [qty_dtg] => Array
        (
            [0] => 100
            [1] => 
            [2] => 100
        )

    [kode_batch] => Array
        (
            [0] => 
            [1] => 
        )

    [exp_date] => Array
        (
            [0] => 
            [1] => 
            [2] => 2024-05-15
        )

    [qty_gr_outstd] => Array
        (
            [0] => 900
            [1] => 
        )

    [nomor_gr] => GR0006
    [desc_gr] => 
    [tanggal_gr] => 
    [warehouse] => WHCK2
    [est_kirim] => 
    [kode_prd] => PRD0006
)

INFO - 2024-05-14 10:03:06 --> Inserting Data: Array
(
    [po_id] => 1
    [nomor_po] => TEST.PO.2024.04.0010
    [tanggal_po] => 2024-04-07
    [kode] => 100001
    [nama_barang] => GULA
    [nomor_gr] => GR0006
    [desc_gr] => 
    [tanggal_gr] => 
    [warehouse] => WHCK2
    [supplier] => TEST VENDOR - SCM
    [est_kirim] => 
    [qty_po] => 1000
    [qty_dtg] => 100
    [batch] => 
    [kode_batch] => 
    [kode_prd] => PRD0006
    [exp_date] => 
    [satuan] => KG
    [qty_gr_outstd] => 900
    [status_gr] => outstanding
    [created_at] => 2024-05-14 10:03:06
)

INFO - 2024-05-14 10:03:06 --> Data inserted successfully for key: 0
INFO - 2024-05-14 10:03:06 --> Inserting Data: Array
(
    [po_id] => 1
    [nomor_po] => TEST.PO.2024.04.0010
    [tanggal_po] => 2024-04-07
    [kode] => 100002
    [nama_barang] => BERAS
    [nomor_gr] => GR0006
    [desc_gr] => 
    [tanggal_gr] => 
    [warehouse] => WHCK2
    [supplier] => TEST VENDOR - SCM
    [est_kirim] => 
    [qty_po] => 2000
    [qty_dtg] => 
    [batch] => 
    [kode_batch] => 
    [kode_prd] => PRD0006
    [exp_date] => 
    [satuan] => KG
    [qty_gr_outstd] => 
    [status_gr] => outstanding
    [created_at] => 2024-05-14 10:03:06
)

INFO - 2024-05-14 10:03:06 --> Data inserted successfully for key: 1
ERROR - 2024-05-14 10:03:06 --> Missing key at index 2
INFO - 2024-05-14 10:03:06 --> Session: Class initialized using 'CodeIgniter\Session\Handlers\FileHandler' driver.
INFO - 2024-05-14 03:03:06 --> Session: Class initialized using 'CodeIgniter\Session\Handlers\FileHandler' driver.
INFO - 2024-05-14 03:03:55 --> Session: Class initialized using 'CodeIgniter\Session\Handlers\FileHandler' driver.
WARNING - 2024-05-14 03:03:55 --> [DEPRECATED] substr(): Passing null to parameter #1 ($string) of type string is deprecated in APPPATH/Models/Incoming/MasterData/MasterGRModel.php on line 77.
 1 APPPATH/Models/Incoming/MasterData/MasterGRModel.php(77): substr(null, -4)
 2 APPPATH/Controllers/Incoming/Form/FormGRController.php(176): App\Models\Incoming\MasterData\MasterGRModel->KodeOtomatisGR()
 3 SYSTEMPATH/CodeIgniter.php(933): App\Controllers\Incoming\Form\FormGRController->BuatKodeGR()
 4 SYSTEMPATH/CodeIgniter.php(509): CodeIgniter\CodeIgniter->runController(Object(App\Controllers\Incoming\Form\FormGRController))
 5 SYSTEMPATH/CodeIgniter.php(355): CodeIgniter\CodeIgniter->handleRequest(null, Object(Config\Cache), false)
 6 SYSTEMPATH/Boot.php(312): CodeIgniter\CodeIgniter->run()
 7 SYSTEMPATH/Boot.php(67): CodeIgniter\Boot::runCodeIgniter(Object(CodeIgniter\CodeIgniter))
 8 FCPATH/index.php(56): CodeIgniter\Boot::bootWeb(Object(Config\Paths))
 9 SYSTEMPATH/Commands/Server/rewrite.php(49): require_once('/Users/stefanus/Documents/CODING/BACKEND/PHP/PROJECT/prorgam_scm_repair/public/index.php')
WARNING - 2024-05-14 03:03:55 --> [DEPRECATED] substr(): Passing null to parameter #1 ($string) of type string is deprecated in APPPATH/Models/Incoming/MasterData/MasterGRModel.php on line 94.
 1 APPPATH/Models/Incoming/MasterData/MasterGRModel.php(94): substr(null, -4)
 2 APPPATH/Controllers/Incoming/Form/FormGRController.php(182): App\Models\Incoming\MasterData\MasterGRModel->KodeOtomatisKodeBatch()
 3 SYSTEMPATH/CodeIgniter.php(933): App\Controllers\Incoming\Form\FormGRController->BuatKodeBatch()
 4 SYSTEMPATH/CodeIgniter.php(509): CodeIgniter\CodeIgniter->runController(Object(App\Controllers\Incoming\Form\FormGRController))
 5 SYSTEMPATH/CodeIgniter.php(355): CodeIgniter\CodeIgniter->handleRequest(null, Object(Config\Cache), false)
 6 SYSTEMPATH/Boot.php(312): CodeIgniter\CodeIgniter->run()
 7 SYSTEMPATH/Boot.php(67): CodeIgniter\Boot::runCodeIgniter(Object(CodeIgniter\CodeIgniter))
 8 FCPATH/index.php(56): CodeIgniter\Boot::bootWeb(Object(Config\Paths))
 9 SYSTEMPATH/Commands/Server/rewrite.php(49): require_once('/Users/stefanus/Documents/CODING/BACKEND/PHP/PROJECT/prorgam_scm_repair/public/index.php')
WARNING - 2024-05-14 03:03:55 --> [DEPRECATED] substr(): Passing null to parameter #1 ($string) of type string is deprecated in APPPATH/Models/Incoming/MasterData/MasterGRModel.php on line 112.
 1 APPPATH/Models/Incoming/MasterData/MasterGRModel.php(112): substr(null, -4)
 2 APPPATH/Controllers/Incoming/Form/FormGRController.php(188): App\Models\Incoming\MasterData\MasterGRModel->KodeOtomatisPRD()
 3 SYSTEMPATH/CodeIgniter.php(933): App\Controllers\Incoming\Form\FormGRController->BuatKodePRD()
 4 SYSTEMPATH/CodeIgniter.php(509): CodeIgniter\CodeIgniter->runController(Object(App\Controllers\Incoming\Form\FormGRController))
 5 SYSTEMPATH/CodeIgniter.php(355): CodeIgniter\CodeIgniter->handleRequest(null, Object(Config\Cache), false)
 6 SYSTEMPATH/Boot.php(312): CodeIgniter\CodeIgniter->run()
 7 SYSTEMPATH/Boot.php(67): CodeIgniter\Boot::runCodeIgniter(Object(CodeIgniter\CodeIgniter))
 8 FCPATH/index.php(56): CodeIgniter\Boot::bootWeb(Object(Config\Paths))
 9 SYSTEMPATH/Commands/Server/rewrite.php(49): require_once('/Users/stefanus/Documents/CODING/BACKEND/PHP/PROJECT/prorgam_scm_repair/public/index.php')
INFO - 2024-05-14 10:04:16 --> Form Data Received: Array
(
    [nomor_po] => TEST.PO.2024.04.0010
    [tanggal_po] => 2024-04-07
    [kode] => Array
        (
            [0] => 100001
            [1] => 100002
            [2] => 100001
        )

    [supplier] => Array
        (
            [0] => TEST VENDOR - SCM
            [1] => TEST VENDOR - SCM
        )

    [nama_barang] => Array
        (
            [0] => GULA
            [1] => BERAS
        )

    [qty_po] => Array
        (
            [0] => 1000
            [1] => 2000
        )

    [satuan] => Array
        (
            [0] => KG
            [1] => KG
            [2] => coba
        )

    [qty_dtg] => Array
        (
            [0] => 
            [1] => 
            [2] => 1000000
        )

    [kode_batch] => Array
        (
            [0] => 
            [1] => 
        )

    [exp_date] => Array
        (
            [0] => 
            [1] => 
            [2] => 2024-05-15
        )

    [qty_gr_outstd] => Array
        (
            [0] => 
            [1] => 
        )

    [nomor_gr] => GR0001
    [desc_gr] => 
    [tanggal_gr] => 
    [warehouse] => WHCK2
    [est_kirim] => 
    [kode_prd] => PRD0001
)

INFO - 2024-05-14 10:04:16 --> Inserting Data: Array
(
    [po_id] => 1
    [nomor_po] => TEST.PO.2024.04.0010
    [tanggal_po] => 2024-04-07
    [kode] => 100001
    [nama_barang] => GULA
    [nomor_gr] => GR0001
    [desc_gr] => 
    [tanggal_gr] => 
    [warehouse] => WHCK2
    [supplier] => TEST VENDOR - SCM
    [est_kirim] => 
    [qty_po] => 1000
    [qty_dtg] => 
    [batch] => 
    [kode_batch] => 
    [kode_prd] => PRD0001
    [exp_date] => 
    [satuan] => KG
    [qty_gr_outstd] => 
    [status_gr] => outstanding
    [created_at] => 2024-05-14 10:04:16
)

INFO - 2024-05-14 10:04:16 --> Data inserted successfully for key: 0
INFO - 2024-05-14 10:04:16 --> Inserting Data: Array
(
    [po_id] => 1
    [nomor_po] => TEST.PO.2024.04.0010
    [tanggal_po] => 2024-04-07
    [kode] => 100002
    [nama_barang] => BERAS
    [nomor_gr] => GR0001
    [desc_gr] => 
    [tanggal_gr] => 
    [warehouse] => WHCK2
    [supplier] => TEST VENDOR - SCM
    [est_kirim] => 
    [qty_po] => 2000
    [qty_dtg] => 
    [batch] => 
    [kode_batch] => 
    [kode_prd] => PRD0001
    [exp_date] => 
    [satuan] => KG
    [qty_gr_outstd] => 
    [status_gr] => outstanding
    [created_at] => 2024-05-14 10:04:16
)

INFO - 2024-05-14 10:04:16 --> Data inserted successfully for key: 1
ERROR - 2024-05-14 10:04:16 --> Missing key at index 2
INFO - 2024-05-14 10:04:16 --> Session: Class initialized using 'CodeIgniter\Session\Handlers\FileHandler' driver.
INFO - 2024-05-14 03:04:16 --> Session: Class initialized using 'CodeIgniter\Session\Handlers\FileHandler' driver.
INFO - 2024-05-14 03:12:50 --> Session: Class initialized using 'CodeIgniter\Session\Handlers\FileHandler' driver.
INFO - 2024-05-14 03:13:00 --> Session: Class initialized using 'CodeIgniter\Session\Handlers\FileHandler' driver.
INFO - 2024-05-14 03:14:04 --> Session: Class initialized using 'CodeIgniter\Session\Handlers\FileHandler' driver.
INFO - 2024-05-14 03:14:07 --> Session: Class initialized using 'CodeIgniter\Session\Handlers\FileHandler' driver.
INFO - 2024-05-14 10:14:21 --> Form Data Received: Array
(
    [nomor_po] => TEST.PO.2024.04.0010
    [tanggal_po] => 2024-04-07
    [kode] => Array
        (
            [0] => 100001
            [1] => 100002
            [2] => 100001
        )

    [supplier] => Array
        (
            [0] => TEST VENDOR - SCM
            [1] => TEST VENDOR - SCM
        )

    [nama_barang] => Array
        (
            [0] => GULA
            [1] => BERAS
        )

    [qty_po] => Array
        (
            [0] => 1000
            [1] => 2000
        )

    [satuan] => Array
        (
            [0] => KG
            [1] => KG
            [2] => KG
        )

    [qty_dtg] => Array
        (
            [0] => 
            [1] => 
            [2] => 4050304
        )

    [kode_batch] => Array
        (
            [0] => 
            [1] => 
        )

    [exp_date] => Array
        (
            [0] => 
            [1] => 
            [2] => 2024-05-15
        )

    [qty_gr_outstd] => Array
        (
            [0] => 
            [1] => 
        )

    [nomor_gr] => GR0002
    [desc_gr] => 
    [tanggal_gr] => 
    [warehouse] => WHCK2
    [est_kirim] => 
    [kode_prd] => PRD0002
)

INFO - 2024-05-14 10:14:22 --> Inserting Data: Array
(
    [po_id] => 1
    [nomor_po] => TEST.PO.2024.04.0010
    [tanggal_po] => 2024-04-07
    [kode] => 100001
    [nama_barang] => GULA
    [nomor_gr] => GR0002
    [desc_gr] => 
    [tanggal_gr] => 
    [warehouse] => WHCK2
    [supplier] => TEST VENDOR - SCM
    [est_kirim] => 
    [qty_po] => 1000
    [qty_dtg] => 
    [batch] => 
    [kode_batch] => 
    [kode_prd] => PRD0002
    [exp_date] => 
    [satuan] => KG
    [qty_gr_outstd] => 
    [status_gr] => outstanding
    [created_at] => 2024-05-14 10:14:22
)

INFO - 2024-05-14 10:14:22 --> Data inserted successfully for key: 0
INFO - 2024-05-14 10:14:22 --> Inserting Data: Array
(
    [po_id] => 1
    [nomor_po] => TEST.PO.2024.04.0010
    [tanggal_po] => 2024-04-07
    [kode] => 100002
    [nama_barang] => BERAS
    [nomor_gr] => GR0002
    [desc_gr] => 
    [tanggal_gr] => 
    [warehouse] => WHCK2
    [supplier] => TEST VENDOR - SCM
    [est_kirim] => 
    [qty_po] => 2000
    [qty_dtg] => 
    [batch] => 
    [kode_batch] => 
    [kode_prd] => PRD0002
    [exp_date] => 
    [satuan] => KG
    [qty_gr_outstd] => 
    [status_gr] => outstanding
    [created_at] => 2024-05-14 10:14:22
)

INFO - 2024-05-14 10:14:22 --> Data inserted successfully for key: 1
ERROR - 2024-05-14 10:14:22 --> Missing key at index 2
INFO - 2024-05-14 10:14:22 --> Session: Class initialized using 'CodeIgniter\Session\Handlers\FileHandler' driver.
INFO - 2024-05-14 03:14:22 --> Session: Class initialized using 'CodeIgniter\Session\Handlers\FileHandler' driver.
INFO - 2024-05-14 10:17:39 --> Form Data Received: Array
(
    [nomor_po] => TEST.PO.2024.04.0010
    [tanggal_po] => 2024-04-07
    [kode] => Array
        (
            [0] => 100001
            [1] => 100002
            [2] => 100002
        )

    [supplier] => Array
        (
            [0] => TEST VENDOR - SCM
            [1] => TEST VENDOR - SCM
        )

    [nama_barang] => Array
        (
            [0] => GULA
            [1] => BERAS
        )

    [qty_po] => Array
        (
            [0] => 1000
            [1] => 2000
        )

    [satuan] => Array
        (
            [0] => KG
            [1] => KG
            [2] => coba
        )

    [qty_dtg] => Array
        (
            [0] => 
            [1] => 
            [2] => 12
        )

    [kode_batch] => Array
        (
            [0] => 
            [1] => 
        )

    [exp_date] => Array
        (
            [0] => 
            [1] => 
            [2] => 2024-05-15
        )

    [qty_gr_outstd] => Array
        (
            [0] => 
            [1] => 
        )

    [nomor_gr] => GR0003
    [desc_gr] => 
    [tanggal_gr] => 
    [warehouse] => WHCK2
    [est_kirim] => 
    [kode_prd] => PRD0003
)

INFO - 2024-05-14 10:17:39 --> Inserting Data: Array
(
    [po_id] => 1
    [nomor_po] => TEST.PO.2024.04.0010
    [tanggal_po] => 2024-04-07
    [kode] => 100001
    [nama_barang] => GULA
    [nomor_gr] => GR0003
    [desc_gr] => 
    [tanggal_gr] => 
    [warehouse] => WHCK2
    [supplier] => TEST VENDOR - SCM
    [est_kirim] => 
    [qty_po] => 1000
    [qty_dtg] => 
    [batch] => 
    [kode_batch] => 
    [kode_prd] => PRD0003
    [exp_date] => 
    [satuan] => KG
    [qty_gr_outstd] => 
    [status_gr] => outstanding
    [created_at] => 2024-05-14 10:17:39
)

INFO - 2024-05-14 10:17:39 --> Data inserted successfully for key: 0
INFO - 2024-05-14 10:17:39 --> Inserting Data: Array
(
    [po_id] => 1
    [nomor_po] => TEST.PO.2024.04.0010
    [tanggal_po] => 2024-04-07
    [kode] => 100002
    [nama_barang] => BERAS
    [nomor_gr] => GR0003
    [desc_gr] => 
    [tanggal_gr] => 
    [warehouse] => WHCK2
    [supplier] => TEST VENDOR - SCM
    [est_kirim] => 
    [qty_po] => 2000
    [qty_dtg] => 
    [batch] => 
    [kode_batch] => 
    [kode_prd] => PRD0003
    [exp_date] => 
    [satuan] => KG
    [qty_gr_outstd] => 
    [status_gr] => outstanding
    [created_at] => 2024-05-14 10:17:39
)

INFO - 2024-05-14 10:17:39 --> Data inserted successfully for key: 1
ERROR - 2024-05-14 10:17:39 --> Missing key at index 2
INFO - 2024-05-14 10:17:39 --> Session: Class initialized using 'CodeIgniter\Session\Handlers\FileHandler' driver.
INFO - 2024-05-14 03:17:39 --> Session: Class initialized using 'CodeIgniter\Session\Handlers\FileHandler' driver.
INFO - 2024-05-14 03:18:18 --> Session: Class initialized using 'CodeIgniter\Session\Handlers\FileHandler' driver.
CRITICAL - 2024-05-14 10:18:34 --> ErrorException: Undefined array key 2
[Method: POST, Route: submit_form_good_receive]
in APPPATH/Controllers/Incoming/Form/FormGRController.php on line 76.
 1 APPPATH/Controllers/Incoming/Form/FormGRController.php(76): CodeIgniter\Debug\Exceptions->errorHandler(2, 'Undefined array key 2', '/Users/stefanus/Documents/CODING/BACKEND/PHP/PROJECT/prorgam_scm_repair/app/Controllers/Incoming/Form/FormGRController.php', 76)
 2 SYSTEMPATH/CodeIgniter.php(933): App\Controllers\Incoming\Form\FormGRController->InputDataGoodReceive()
 3 SYSTEMPATH/CodeIgniter.php(509): CodeIgniter\CodeIgniter->runController(Object(App\Controllers\Incoming\Form\FormGRController))
 4 SYSTEMPATH/CodeIgniter.php(355): CodeIgniter\CodeIgniter->handleRequest(null, Object(Config\Cache), false)
 5 SYSTEMPATH/Boot.php(312): CodeIgniter\CodeIgniter->run()
 6 SYSTEMPATH/Boot.php(67): CodeIgniter\Boot::runCodeIgniter(Object(CodeIgniter\CodeIgniter))
 7 FCPATH/index.php(56): CodeIgniter\Boot::bootWeb(Object(Config\Paths))
 8 SYSTEMPATH/Commands/Server/rewrite.php(49): require_once('/Users/stefanus/Documents/CODING/BACKEND/PHP/PROJECT/prorgam_scm_repair/public/index.php')
ERROR - 2024-05-14 10:21:25 --> Missing key at index 2
INFO - 2024-05-14 10:21:25 --> Session: Class initialized using 'CodeIgniter\Session\Handlers\FileHandler' driver.
INFO - 2024-05-14 03:21:25 --> Session: Class initialized using 'CodeIgniter\Session\Handlers\FileHandler' driver.
INFO - 2024-05-14 03:22:06 --> Session: Class initialized using 'CodeIgniter\Session\Handlers\FileHandler' driver.
WARNING - 2024-05-14 03:22:06 --> [DEPRECATED] substr(): Passing null to parameter #1 ($string) of type string is deprecated in APPPATH/Models/Incoming/MasterData/MasterGRModel.php on line 77.
 1 APPPATH/Models/Incoming/MasterData/MasterGRModel.php(77): substr(null, -4)
 2 APPPATH/Controllers/Incoming/Form/FormGRController.php(142): App\Models\Incoming\MasterData\MasterGRModel->KodeOtomatisGR()
 3 SYSTEMPATH/CodeIgniter.php(933): App\Controllers\Incoming\Form\FormGRController->BuatKodeGR()
 4 SYSTEMPATH/CodeIgniter.php(509): CodeIgniter\CodeIgniter->runController(Object(App\Controllers\Incoming\Form\FormGRController))
 5 SYSTEMPATH/CodeIgniter.php(355): CodeIgniter\CodeIgniter->handleRequest(null, Object(Config\Cache), false)
 6 SYSTEMPATH/Boot.php(312): CodeIgniter\CodeIgniter->run()
 7 SYSTEMPATH/Boot.php(67): CodeIgniter\Boot::runCodeIgniter(Object(CodeIgniter\CodeIgniter))
 8 FCPATH/index.php(56): CodeIgniter\Boot::bootWeb(Object(Config\Paths))
 9 SYSTEMPATH/Commands/Server/rewrite.php(49): require_once('/Users/stefanus/Documents/CODING/BACKEND/PHP/PROJECT/prorgam_scm_repair/public/index.php')
WARNING - 2024-05-14 03:22:06 --> [DEPRECATED] substr(): Passing null to parameter #1 ($string) of type string is deprecated in APPPATH/Models/Incoming/MasterData/MasterGRModel.php on line 94.
 1 APPPATH/Models/Incoming/MasterData/MasterGRModel.php(94): substr(null, -4)
 2 APPPATH/Controllers/Incoming/Form/FormGRController.php(148): App\Models\Incoming\MasterData\MasterGRModel->KodeOtomatisKodeBatch()
 3 SYSTEMPATH/CodeIgniter.php(933): App\Controllers\Incoming\Form\FormGRController->BuatKodeBatch()
 4 SYSTEMPATH/CodeIgniter.php(509): CodeIgniter\CodeIgniter->runController(Object(App\Controllers\Incoming\Form\FormGRController))
 5 SYSTEMPATH/CodeIgniter.php(355): CodeIgniter\CodeIgniter->handleRequest(null, Object(Config\Cache), false)
 6 SYSTEMPATH/Boot.php(312): CodeIgniter\CodeIgniter->run()
 7 SYSTEMPATH/Boot.php(67): CodeIgniter\Boot::runCodeIgniter(Object(CodeIgniter\CodeIgniter))
 8 FCPATH/index.php(56): CodeIgniter\Boot::bootWeb(Object(Config\Paths))
 9 SYSTEMPATH/Commands/Server/rewrite.php(49): require_once('/Users/stefanus/Documents/CODING/BACKEND/PHP/PROJECT/prorgam_scm_repair/public/index.php')
WARNING - 2024-05-14 03:22:06 --> [DEPRECATED] substr(): Passing null to parameter #1 ($string) of type string is deprecated in APPPATH/Models/Incoming/MasterData/MasterGRModel.php on line 112.
 1 APPPATH/Models/Incoming/MasterData/MasterGRModel.php(112): substr(null, -4)
 2 APPPATH/Controllers/Incoming/Form/FormGRController.php(154): App\Models\Incoming\MasterData\MasterGRModel->KodeOtomatisPRD()
 3 SYSTEMPATH/CodeIgniter.php(933): App\Controllers\Incoming\Form\FormGRController->BuatKodePRD()
 4 SYSTEMPATH/CodeIgniter.php(509): CodeIgniter\CodeIgniter->runController(Object(App\Controllers\Incoming\Form\FormGRController))
 5 SYSTEMPATH/CodeIgniter.php(355): CodeIgniter\CodeIgniter->handleRequest(null, Object(Config\Cache), false)
 6 SYSTEMPATH/Boot.php(312): CodeIgniter\CodeIgniter->run()
 7 SYSTEMPATH/Boot.php(67): CodeIgniter\Boot::runCodeIgniter(Object(CodeIgniter\CodeIgniter))
 8 FCPATH/index.php(56): CodeIgniter\Boot::bootWeb(Object(Config\Paths))
 9 SYSTEMPATH/Commands/Server/rewrite.php(49): require_once('/Users/stefanus/Documents/CODING/BACKEND/PHP/PROJECT/prorgam_scm_repair/public/index.php')
ERROR - 2024-05-14 10:22:22 --> Missing key at index 2
INFO - 2024-05-14 10:22:22 --> Session: Class initialized using 'CodeIgniter\Session\Handlers\FileHandler' driver.
INFO - 2024-05-14 03:22:22 --> Session: Class initialized using 'CodeIgniter\Session\Handlers\FileHandler' driver.
INFO - 2024-05-14 03:29:48 --> Session: Class initialized using 'CodeIgniter\Session\Handlers\FileHandler' driver.
WARNING - 2024-05-14 03:29:48 --> [DEPRECATED] substr(): Passing null to parameter #1 ($string) of type string is deprecated in APPPATH/Models/Incoming/MasterData/MasterGRModel.php on line 77.
 1 APPPATH/Models/Incoming/MasterData/MasterGRModel.php(77): substr(null, -4)
 2 APPPATH/Controllers/Incoming/Form/FormGRController.php(142): App\Models\Incoming\MasterData\MasterGRModel->KodeOtomatisGR()
 3 SYSTEMPATH/CodeIgniter.php(933): App\Controllers\Incoming\Form\FormGRController->BuatKodeGR()
 4 SYSTEMPATH/CodeIgniter.php(509): CodeIgniter\CodeIgniter->runController(Object(App\Controllers\Incoming\Form\FormGRController))
 5 SYSTEMPATH/CodeIgniter.php(355): CodeIgniter\CodeIgniter->handleRequest(null, Object(Config\Cache), false)
 6 SYSTEMPATH/Boot.php(312): CodeIgniter\CodeIgniter->run()
 7 SYSTEMPATH/Boot.php(67): CodeIgniter\Boot::runCodeIgniter(Object(CodeIgniter\CodeIgniter))
 8 FCPATH/index.php(56): CodeIgniter\Boot::bootWeb(Object(Config\Paths))
 9 SYSTEMPATH/Commands/Server/rewrite.php(49): require_once('/Users/stefanus/Documents/CODING/BACKEND/PHP/PROJECT/prorgam_scm_repair/public/index.php')
WARNING - 2024-05-14 03:29:48 --> [DEPRECATED] substr(): Passing null to parameter #1 ($string) of type string is deprecated in APPPATH/Models/Incoming/MasterData/MasterGRModel.php on line 94.
 1 APPPATH/Models/Incoming/MasterData/MasterGRModel.php(94): substr(null, -4)
 2 APPPATH/Controllers/Incoming/Form/FormGRController.php(148): App\Models\Incoming\MasterData\MasterGRModel->KodeOtomatisKodeBatch()
 3 SYSTEMPATH/CodeIgniter.php(933): App\Controllers\Incoming\Form\FormGRController->BuatKodeBatch()
 4 SYSTEMPATH/CodeIgniter.php(509): CodeIgniter\CodeIgniter->runController(Object(App\Controllers\Incoming\Form\FormGRController))
 5 SYSTEMPATH/CodeIgniter.php(355): CodeIgniter\CodeIgniter->handleRequest(null, Object(Config\Cache), false)
 6 SYSTEMPATH/Boot.php(312): CodeIgniter\CodeIgniter->run()
 7 SYSTEMPATH/Boot.php(67): CodeIgniter\Boot::runCodeIgniter(Object(CodeIgniter\CodeIgniter))
 8 FCPATH/index.php(56): CodeIgniter\Boot::bootWeb(Object(Config\Paths))
 9 SYSTEMPATH/Commands/Server/rewrite.php(49): require_once('/Users/stefanus/Documents/CODING/BACKEND/PHP/PROJECT/prorgam_scm_repair/public/index.php')
WARNING - 2024-05-14 03:29:48 --> [DEPRECATED] substr(): Passing null to parameter #1 ($string) of type string is deprecated in APPPATH/Models/Incoming/MasterData/MasterGRModel.php on line 112.
 1 APPPATH/Models/Incoming/MasterData/MasterGRModel.php(112): substr(null, -4)
 2 APPPATH/Controllers/Incoming/Form/FormGRController.php(154): App\Models\Incoming\MasterData\MasterGRModel->KodeOtomatisPRD()
 3 SYSTEMPATH/CodeIgniter.php(933): App\Controllers\Incoming\Form\FormGRController->BuatKodePRD()
 4 SYSTEMPATH/CodeIgniter.php(509): CodeIgniter\CodeIgniter->runController(Object(App\Controllers\Incoming\Form\FormGRController))
 5 SYSTEMPATH/CodeIgniter.php(355): CodeIgniter\CodeIgniter->handleRequest(null, Object(Config\Cache), false)
 6 SYSTEMPATH/Boot.php(312): CodeIgniter\CodeIgniter->run()
 7 SYSTEMPATH/Boot.php(67): CodeIgniter\Boot::runCodeIgniter(Object(CodeIgniter\CodeIgniter))
 8 FCPATH/index.php(56): CodeIgniter\Boot::bootWeb(Object(Config\Paths))
 9 SYSTEMPATH/Commands/Server/rewrite.php(49): require_once('/Users/stefanus/Documents/CODING/BACKEND/PHP/PROJECT/prorgam_scm_repair/public/index.php')
INFO - 2024-05-14 03:32:42 --> Session: Class initialized using 'CodeIgniter\Session\Handlers\FileHandler' driver.
WARNING - 2024-05-14 03:32:42 --> [DEPRECATED] substr(): Passing null to parameter #1 ($string) of type string is deprecated in APPPATH/Models/Incoming/MasterData/MasterGRModel.php on line 77.
 1 APPPATH/Models/Incoming/MasterData/MasterGRModel.php(77): substr(null, -4)
 2 APPPATH/Controllers/Incoming/Form/FormGRController.php(142): App\Models\Incoming\MasterData\MasterGRModel->KodeOtomatisGR()
 3 SYSTEMPATH/CodeIgniter.php(933): App\Controllers\Incoming\Form\FormGRController->BuatKodeGR()
 4 SYSTEMPATH/CodeIgniter.php(509): CodeIgniter\CodeIgniter->runController(Object(App\Controllers\Incoming\Form\FormGRController))
 5 SYSTEMPATH/CodeIgniter.php(355): CodeIgniter\CodeIgniter->handleRequest(null, Object(Config\Cache), false)
 6 SYSTEMPATH/Boot.php(312): CodeIgniter\CodeIgniter->run()
 7 SYSTEMPATH/Boot.php(67): CodeIgniter\Boot::runCodeIgniter(Object(CodeIgniter\CodeIgniter))
 8 FCPATH/index.php(56): CodeIgniter\Boot::bootWeb(Object(Config\Paths))
 9 SYSTEMPATH/Commands/Server/rewrite.php(49): require_once('/Users/stefanus/Documents/CODING/BACKEND/PHP/PROJECT/prorgam_scm_repair/public/index.php')
WARNING - 2024-05-14 03:32:42 --> [DEPRECATED] substr(): Passing null to parameter #1 ($string) of type string is deprecated in APPPATH/Models/Incoming/MasterData/MasterGRModel.php on line 94.
 1 APPPATH/Models/Incoming/MasterData/MasterGRModel.php(94): substr(null, -4)
 2 APPPATH/Controllers/Incoming/Form/FormGRController.php(148): App\Models\Incoming\MasterData\MasterGRModel->KodeOtomatisKodeBatch()
 3 SYSTEMPATH/CodeIgniter.php(933): App\Controllers\Incoming\Form\FormGRController->BuatKodeBatch()
 4 SYSTEMPATH/CodeIgniter.php(509): CodeIgniter\CodeIgniter->runController(Object(App\Controllers\Incoming\Form\FormGRController))
 5 SYSTEMPATH/CodeIgniter.php(355): CodeIgniter\CodeIgniter->handleRequest(null, Object(Config\Cache), false)
 6 SYSTEMPATH/Boot.php(312): CodeIgniter\CodeIgniter->run()
 7 SYSTEMPATH/Boot.php(67): CodeIgniter\Boot::runCodeIgniter(Object(CodeIgniter\CodeIgniter))
 8 FCPATH/index.php(56): CodeIgniter\Boot::bootWeb(Object(Config\Paths))
 9 SYSTEMPATH/Commands/Server/rewrite.php(49): require_once('/Users/stefanus/Documents/CODING/BACKEND/PHP/PROJECT/prorgam_scm_repair/public/index.php')
WARNING - 2024-05-14 03:32:42 --> [DEPRECATED] substr(): Passing null to parameter #1 ($string) of type string is deprecated in APPPATH/Models/Incoming/MasterData/MasterGRModel.php on line 112.
 1 APPPATH/Models/Incoming/MasterData/MasterGRModel.php(112): substr(null, -4)
 2 APPPATH/Controllers/Incoming/Form/FormGRController.php(154): App\Models\Incoming\MasterData\MasterGRModel->KodeOtomatisPRD()
 3 SYSTEMPATH/CodeIgniter.php(933): App\Controllers\Incoming\Form\FormGRController->BuatKodePRD()
 4 SYSTEMPATH/CodeIgniter.php(509): CodeIgniter\CodeIgniter->runController(Object(App\Controllers\Incoming\Form\FormGRController))
 5 SYSTEMPATH/CodeIgniter.php(355): CodeIgniter\CodeIgniter->handleRequest(null, Object(Config\Cache), false)
 6 SYSTEMPATH/Boot.php(312): CodeIgniter\CodeIgniter->run()
 7 SYSTEMPATH/Boot.php(67): CodeIgniter\Boot::runCodeIgniter(Object(CodeIgniter\CodeIgniter))
 8 FCPATH/index.php(56): CodeIgniter\Boot::bootWeb(Object(Config\Paths))
 9 SYSTEMPATH/Commands/Server/rewrite.php(49): require_once('/Users/stefanus/Documents/CODING/BACKEND/PHP/PROJECT/prorgam_scm_repair/public/index.php')
INFO - 2024-05-14 03:33:18 --> Session: Class initialized using 'CodeIgniter\Session\Handlers\FileHandler' driver.
INFO - 2024-05-14 04:33:07 --> Session: Class initialized using 'CodeIgniter\Session\Handlers\FileHandler' driver.
INFO - 2024-05-14 05:12:15 --> Session: Class initialized using 'CodeIgniter\Session\Handlers\FileHandler' driver.
INFO - 2024-05-14 05:13:25 --> Session: Class initialized using 'CodeIgniter\Session\Handlers\FileHandler' driver.
INFO - 2024-05-14 05:13:58 --> Session: Class initialized using 'CodeIgniter\Session\Handlers\FileHandler' driver.
INFO - 2024-05-14 05:16:09 --> Session: Class initialized using 'CodeIgniter\Session\Handlers\FileHandler' driver.
INFO - 2024-05-14 05:17:16 --> Session: Class initialized using 'CodeIgniter\Session\Handlers\FileHandler' driver.
INFO - 2024-05-14 05:21:09 --> Session: Class initialized using 'CodeIgniter\Session\Handlers\FileHandler' driver.
INFO - 2024-05-14 05:23:26 --> Session: Class initialized using 'CodeIgniter\Session\Handlers\FileHandler' driver.
INFO - 2024-05-14 05:23:58 --> Session: Class initialized using 'CodeIgniter\Session\Handlers\FileHandler' driver.
INFO - 2024-05-14 05:28:07 --> Session: Class initialized using 'CodeIgniter\Session\Handlers\FileHandler' driver.
INFO - 2024-05-14 05:35:42 --> Session: Class initialized using 'CodeIgniter\Session\Handlers\FileHandler' driver.
INFO - 2024-05-14 05:36:36 --> Session: Class initialized using 'CodeIgniter\Session\Handlers\FileHandler' driver.
INFO - 2024-05-14 05:37:29 --> Session: Class initialized using 'CodeIgniter\Session\Handlers\FileHandler' driver.
INFO - 2024-05-14 05:38:30 --> Session: Class initialized using 'CodeIgniter\Session\Handlers\FileHandler' driver.
INFO - 2024-05-14 05:38:51 --> Session: Class initialized using 'CodeIgniter\Session\Handlers\FileHandler' driver.
INFO - 2024-05-14 05:40:03 --> Session: Class initialized using 'CodeIgniter\Session\Handlers\FileHandler' driver.
INFO - 2024-05-14 05:56:34 --> Session: Class initialized using 'CodeIgniter\Session\Handlers\FileHandler' driver.
INFO - 2024-05-14 05:57:36 --> Session: Class initialized using 'CodeIgniter\Session\Handlers\FileHandler' driver.
INFO - 2024-05-14 06:01:33 --> Session: Class initialized using 'CodeIgniter\Session\Handlers\FileHandler' driver.
INFO - 2024-05-14 06:02:11 --> Session: Class initialized using 'CodeIgniter\Session\Handlers\FileHandler' driver.
INFO - 2024-05-14 06:02:34 --> Session: Class initialized using 'CodeIgniter\Session\Handlers\FileHandler' driver.
INFO - 2024-05-14 06:05:20 --> Session: Class initialized using 'CodeIgniter\Session\Handlers\FileHandler' driver.
INFO - 2024-05-14 06:05:29 --> Session: Class initialized using 'CodeIgniter\Session\Handlers\FileHandler' driver.
INFO - 2024-05-14 06:08:38 --> Session: Class initialized using 'CodeIgniter\Session\Handlers\FileHandler' driver.
INFO - 2024-05-14 06:08:47 --> Session: Class initialized using 'CodeIgniter\Session\Handlers\FileHandler' driver.
INFO - 2024-05-14 06:08:54 --> Session: Class initialized using 'CodeIgniter\Session\Handlers\FileHandler' driver.
INFO - 2024-05-14 06:09:12 --> Session: Class initialized using 'CodeIgniter\Session\Handlers\FileHandler' driver.
INFO - 2024-05-14 06:09:25 --> Session: Class initialized using 'CodeIgniter\Session\Handlers\FileHandler' driver.
INFO - 2024-05-14 06:09:32 --> Session: Class initialized using 'CodeIgniter\Session\Handlers\FileHandler' driver.
INFO - 2024-05-14 06:09:41 --> Session: Class initialized using 'CodeIgniter\Session\Handlers\FileHandler' driver.
INFO - 2024-05-14 06:09:46 --> Session: Class initialized using 'CodeIgniter\Session\Handlers\FileHandler' driver.
INFO - 2024-05-14 06:10:22 --> Session: Class initialized using 'CodeIgniter\Session\Handlers\FileHandler' driver.
INFO - 2024-05-14 06:10:36 --> Session: Class initialized using 'CodeIgniter\Session\Handlers\FileHandler' driver.
INFO - 2024-05-14 06:10:41 --> Session: Class initialized using 'CodeIgniter\Session\Handlers\FileHandler' driver.
INFO - 2024-05-14 06:10:52 --> Session: Class initialized using 'CodeIgniter\Session\Handlers\FileHandler' driver.
INFO - 2024-05-14 06:11:04 --> Session: Class initialized using 'CodeIgniter\Session\Handlers\FileHandler' driver.
INFO - 2024-05-14 06:11:10 --> Session: Class initialized using 'CodeIgniter\Session\Handlers\FileHandler' driver.
INFO - 2024-05-14 06:11:15 --> Session: Class initialized using 'CodeIgniter\Session\Handlers\FileHandler' driver.
INFO - 2024-05-14 07:14:39 --> Session: Class initialized using 'CodeIgniter\Session\Handlers\FileHandler' driver.
INFO - 2024-05-14 07:15:54 --> Session: Class initialized using 'CodeIgniter\Session\Handlers\FileHandler' driver.
INFO - 2024-05-14 07:59:42 --> Session: Class initialized using 'CodeIgniter\Session\Handlers\FileHandler' driver.
INFO - 2024-05-14 07:59:49 --> Session: Class initialized using 'CodeIgniter\Session\Handlers\FileHandler' driver.
INFO - 2024-05-14 08:00:02 --> Session: Class initialized using 'CodeIgniter\Session\Handlers\FileHandler' driver.
INFO - 2024-05-14 08:00:03 --> Session: Class initialized using 'CodeIgniter\Session\Handlers\FileHandler' driver.
INFO - 2024-05-14 08:00:52 --> Session: Class initialized using 'CodeIgniter\Session\Handlers\FileHandler' driver.
INFO - 2024-05-14 08:03:38 --> Session: Class initialized using 'CodeIgniter\Session\Handlers\FileHandler' driver.
INFO - 2024-05-14 08:04:03 --> Session: Class initialized using 'CodeIgniter\Session\Handlers\FileHandler' driver.
INFO - 2024-05-14 08:04:28 --> Session: Class initialized using 'CodeIgniter\Session\Handlers\FileHandler' driver.
INFO - 2024-05-14 08:05:01 --> Session: Class initialized using 'CodeIgniter\Session\Handlers\FileHandler' driver.
INFO - 2024-05-14 08:05:51 --> Session: Class initialized using 'CodeIgniter\Session\Handlers\FileHandler' driver.
INFO - 2024-05-14 08:06:19 --> Session: Class initialized using 'CodeIgniter\Session\Handlers\FileHandler' driver.
INFO - 2024-05-14 08:32:00 --> Session: Class initialized using 'CodeIgniter\Session\Handlers\FileHandler' driver.
CRITICAL - 2024-05-14 08:32:03 --> BadMethodCallException: Call to undefined method App\Models\Incoming\MasterData\MasterGRModel::countAllResult
[Method: POST, Route: check_po_fullfiled]
in SYSTEMPATH/Model.php on line 921.
 1 APPPATH/Models/Incoming/MasterData/MasterGRModel.php(189): CodeIgniter\Model->__call('countAllResult', [])
 2 APPPATH/Controllers/Incoming/Form/FormGRController.php(161): App\Models\Incoming\MasterData\MasterGRModel->isPOFullFiled('TEST.PO.2024.04.0010')
 3 SYSTEMPATH/CodeIgniter.php(933): App\Controllers\Incoming\Form\FormGRController->checkPOFulfilled()
 4 SYSTEMPATH/CodeIgniter.php(509): CodeIgniter\CodeIgniter->runController(Object(App\Controllers\Incoming\Form\FormGRController))
 5 SYSTEMPATH/CodeIgniter.php(355): CodeIgniter\CodeIgniter->handleRequest(null, Object(Config\Cache), false)
 6 SYSTEMPATH/Boot.php(312): CodeIgniter\CodeIgniter->run()
 7 SYSTEMPATH/Boot.php(67): CodeIgniter\Boot::runCodeIgniter(Object(CodeIgniter\CodeIgniter))
 8 FCPATH/index.php(56): CodeIgniter\Boot::bootWeb(Object(Config\Paths))
 9 SYSTEMPATH/Commands/Server/rewrite.php(49): require_once('/Users/stefanus/Documents/CODING/BACKEND/PHP/PROJECT/prorgam_scm_repair/public/index.php')
INFO - 2024-05-14 08:32:39 --> Session: Class initialized using 'CodeIgniter\Session\Handlers\FileHandler' driver.
INFO - 2024-05-14 08:33:12 --> Session: Class initialized using 'CodeIgniter\Session\Handlers\FileHandler' driver.
WARNING - 2024-05-14 08:33:13 --> [DEPRECATED] substr(): Passing null to parameter #1 ($string) of type string is deprecated in APPPATH/Models/Incoming/MasterData/MasterGRModel.php on line 77.
 1 APPPATH/Models/Incoming/MasterData/MasterGRModel.php(77): substr(null, -4)
 2 APPPATH/Controllers/Incoming/Form/FormGRController.php(142): App\Models\Incoming\MasterData\MasterGRModel->KodeOtomatisGR()
 3 SYSTEMPATH/CodeIgniter.php(933): App\Controllers\Incoming\Form\FormGRController->BuatKodeGR()
 4 SYSTEMPATH/CodeIgniter.php(509): CodeIgniter\CodeIgniter->runController(Object(App\Controllers\Incoming\Form\FormGRController))
 5 SYSTEMPATH/CodeIgniter.php(355): CodeIgniter\CodeIgniter->handleRequest(null, Object(Config\Cache), false)
 6 SYSTEMPATH/Boot.php(312): CodeIgniter\CodeIgniter->run()
 7 SYSTEMPATH/Boot.php(67): CodeIgniter\Boot::runCodeIgniter(Object(CodeIgniter\CodeIgniter))
 8 FCPATH/index.php(56): CodeIgniter\Boot::bootWeb(Object(Config\Paths))
 9 SYSTEMPATH/Commands/Server/rewrite.php(49): require_once('/Users/stefanus/Documents/CODING/BACKEND/PHP/PROJECT/prorgam_scm_repair/public/index.php')
WARNING - 2024-05-14 08:33:13 --> [DEPRECATED] substr(): Passing null to parameter #1 ($string) of type string is deprecated in APPPATH/Models/Incoming/MasterData/MasterGRModel.php on line 94.
 1 APPPATH/Models/Incoming/MasterData/MasterGRModel.php(94): substr(null, -4)
 2 APPPATH/Controllers/Incoming/Form/FormGRController.php(148): App\Models\Incoming\MasterData\MasterGRModel->KodeOtomatisKodeBatch()
 3 SYSTEMPATH/CodeIgniter.php(933): App\Controllers\Incoming\Form\FormGRController->BuatKodeBatch()
 4 SYSTEMPATH/CodeIgniter.php(509): CodeIgniter\CodeIgniter->runController(Object(App\Controllers\Incoming\Form\FormGRController))
 5 SYSTEMPATH/CodeIgniter.php(355): CodeIgniter\CodeIgniter->handleRequest(null, Object(Config\Cache), false)
 6 SYSTEMPATH/Boot.php(312): CodeIgniter\CodeIgniter->run()
 7 SYSTEMPATH/Boot.php(67): CodeIgniter\Boot::runCodeIgniter(Object(CodeIgniter\CodeIgniter))
 8 FCPATH/index.php(56): CodeIgniter\Boot::bootWeb(Object(Config\Paths))
 9 SYSTEMPATH/Commands/Server/rewrite.php(49): require_once('/Users/stefanus/Documents/CODING/BACKEND/PHP/PROJECT/prorgam_scm_repair/public/index.php')
WARNING - 2024-05-14 08:33:13 --> [DEPRECATED] substr(): Passing null to parameter #1 ($string) of type string is deprecated in APPPATH/Models/Incoming/MasterData/MasterGRModel.php on line 112.
 1 APPPATH/Models/Incoming/MasterData/MasterGRModel.php(112): substr(null, -4)
 2 APPPATH/Controllers/Incoming/Form/FormGRController.php(154): App\Models\Incoming\MasterData\MasterGRModel->KodeOtomatisPRD()
 3 SYSTEMPATH/CodeIgniter.php(933): App\Controllers\Incoming\Form\FormGRController->BuatKodePRD()
 4 SYSTEMPATH/CodeIgniter.php(509): CodeIgniter\CodeIgniter->runController(Object(App\Controllers\Incoming\Form\FormGRController))
 5 SYSTEMPATH/CodeIgniter.php(355): CodeIgniter\CodeIgniter->handleRequest(null, Object(Config\Cache), false)
 6 SYSTEMPATH/Boot.php(312): CodeIgniter\CodeIgniter->run()
 7 SYSTEMPATH/Boot.php(67): CodeIgniter\Boot::runCodeIgniter(Object(CodeIgniter\CodeIgniter))
 8 FCPATH/index.php(56): CodeIgniter\Boot::bootWeb(Object(Config\Paths))
 9 SYSTEMPATH/Commands/Server/rewrite.php(49): require_once('/Users/stefanus/Documents/CODING/BACKEND/PHP/PROJECT/prorgam_scm_repair/public/index.php')
INFO - 2024-05-14 08:34:18 --> Session: Class initialized using 'CodeIgniter\Session\Handlers\FileHandler' driver.
INFO - 2024-05-14 08:34:23 --> Session: Class initialized using 'CodeIgniter\Session\Handlers\FileHandler' driver.
INFO - 2024-05-14 08:34:24 --> Session: Class initialized using 'CodeIgniter\Session\Handlers\FileHandler' driver.
INFO - 2024-05-14 08:34:37 --> Session: Class initialized using 'CodeIgniter\Session\Handlers\FileHandler' driver.
INFO - 2024-05-14 08:35:27 --> Session: Class initialized using 'CodeIgniter\Session\Handlers\FileHandler' driver.
INFO - 2024-05-14 08:35:28 --> Session: Class initialized using 'CodeIgniter\Session\Handlers\FileHandler' driver.
INFO - 2024-05-14 08:35:29 --> Session: Class initialized using 'CodeIgniter\Session\Handlers\FileHandler' driver.
WARNING - 2024-05-14 08:35:29 --> [DEPRECATED] substr(): Passing null to parameter #1 ($string) of type string is deprecated in APPPATH/Models/Incoming/MasterData/MasterGRModel.php on line 77.
 1 APPPATH/Models/Incoming/MasterData/MasterGRModel.php(77): substr(null, -4)
 2 APPPATH/Controllers/Incoming/Form/FormGRController.php(143): App\Models\Incoming\MasterData\MasterGRModel->KodeOtomatisGR()
 3 SYSTEMPATH/CodeIgniter.php(933): App\Controllers\Incoming\Form\FormGRController->BuatKodeGR()
 4 SYSTEMPATH/CodeIgniter.php(509): CodeIgniter\CodeIgniter->runController(Object(App\Controllers\Incoming\Form\FormGRController))
 5 SYSTEMPATH/CodeIgniter.php(355): CodeIgniter\CodeIgniter->handleRequest(null, Object(Config\Cache), false)
 6 SYSTEMPATH/Boot.php(312): CodeIgniter\CodeIgniter->run()
 7 SYSTEMPATH/Boot.php(67): CodeIgniter\Boot::runCodeIgniter(Object(CodeIgniter\CodeIgniter))
 8 FCPATH/index.php(56): CodeIgniter\Boot::bootWeb(Object(Config\Paths))
 9 SYSTEMPATH/Commands/Server/rewrite.php(49): require_once('/Users/stefanus/Documents/CODING/BACKEND/PHP/PROJECT/prorgam_scm_repair/public/index.php')
WARNING - 2024-05-14 08:35:29 --> [DEPRECATED] substr(): Passing null to parameter #1 ($string) of type string is deprecated in APPPATH/Models/Incoming/MasterData/MasterGRModel.php on line 94.
 1 APPPATH/Models/Incoming/MasterData/MasterGRModel.php(94): substr(null, -4)
 2 APPPATH/Controllers/Incoming/Form/FormGRController.php(149): App\Models\Incoming\MasterData\MasterGRModel->KodeOtomatisKodeBatch()
 3 SYSTEMPATH/CodeIgniter.php(933): App\Controllers\Incoming\Form\FormGRController->BuatKodeBatch()
 4 SYSTEMPATH/CodeIgniter.php(509): CodeIgniter\CodeIgniter->runController(Object(App\Controllers\Incoming\Form\FormGRController))
 5 SYSTEMPATH/CodeIgniter.php(355): CodeIgniter\CodeIgniter->handleRequest(null, Object(Config\Cache), false)
 6 SYSTEMPATH/Boot.php(312): CodeIgniter\CodeIgniter->run()
 7 SYSTEMPATH/Boot.php(67): CodeIgniter\Boot::runCodeIgniter(Object(CodeIgniter\CodeIgniter))
 8 FCPATH/index.php(56): CodeIgniter\Boot::bootWeb(Object(Config\Paths))
 9 SYSTEMPATH/Commands/Server/rewrite.php(49): require_once('/Users/stefanus/Documents/CODING/BACKEND/PHP/PROJECT/prorgam_scm_repair/public/index.php')
WARNING - 2024-05-14 08:35:29 --> [DEPRECATED] substr(): Passing null to parameter #1 ($string) of type string is deprecated in APPPATH/Models/Incoming/MasterData/MasterGRModel.php on line 112.
 1 APPPATH/Models/Incoming/MasterData/MasterGRModel.php(112): substr(null, -4)
 2 APPPATH/Controllers/Incoming/Form/FormGRController.php(155): App\Models\Incoming\MasterData\MasterGRModel->KodeOtomatisPRD()
 3 SYSTEMPATH/CodeIgniter.php(933): App\Controllers\Incoming\Form\FormGRController->BuatKodePRD()
 4 SYSTEMPATH/CodeIgniter.php(509): CodeIgniter\CodeIgniter->runController(Object(App\Controllers\Incoming\Form\FormGRController))
 5 SYSTEMPATH/CodeIgniter.php(355): CodeIgniter\CodeIgniter->handleRequest(null, Object(Config\Cache), false)
 6 SYSTEMPATH/Boot.php(312): CodeIgniter\CodeIgniter->run()
 7 SYSTEMPATH/Boot.php(67): CodeIgniter\Boot::runCodeIgniter(Object(CodeIgniter\CodeIgniter))
 8 FCPATH/index.php(56): CodeIgniter\Boot::bootWeb(Object(Config\Paths))
 9 SYSTEMPATH/Commands/Server/rewrite.php(49): require_once('/Users/stefanus/Documents/CODING/BACKEND/PHP/PROJECT/prorgam_scm_repair/public/index.php')
INFO - 2024-05-14 08:36:13 --> Session: Class initialized using 'CodeIgniter\Session\Handlers\FileHandler' driver.
WARNING - 2024-05-14 08:36:13 --> [DEPRECATED] substr(): Passing null to parameter #1 ($string) of type string is deprecated in APPPATH/Models/Incoming/MasterData/MasterGRModel.php on line 77.
 1 APPPATH/Models/Incoming/MasterData/MasterGRModel.php(77): substr(null, -4)
 2 APPPATH/Controllers/Incoming/Form/FormGRController.php(143): App\Models\Incoming\MasterData\MasterGRModel->KodeOtomatisGR()
 3 SYSTEMPATH/CodeIgniter.php(933): App\Controllers\Incoming\Form\FormGRController->BuatKodeGR()
 4 SYSTEMPATH/CodeIgniter.php(509): CodeIgniter\CodeIgniter->runController(Object(App\Controllers\Incoming\Form\FormGRController))
 5 SYSTEMPATH/CodeIgniter.php(355): CodeIgniter\CodeIgniter->handleRequest(null, Object(Config\Cache), false)
 6 SYSTEMPATH/Boot.php(312): CodeIgniter\CodeIgniter->run()
 7 SYSTEMPATH/Boot.php(67): CodeIgniter\Boot::runCodeIgniter(Object(CodeIgniter\CodeIgniter))
 8 FCPATH/index.php(56): CodeIgniter\Boot::bootWeb(Object(Config\Paths))
 9 SYSTEMPATH/Commands/Server/rewrite.php(49): require_once('/Users/stefanus/Documents/CODING/BACKEND/PHP/PROJECT/prorgam_scm_repair/public/index.php')
WARNING - 2024-05-14 08:36:13 --> [DEPRECATED] substr(): Passing null to parameter #1 ($string) of type string is deprecated in APPPATH/Models/Incoming/MasterData/MasterGRModel.php on line 94.
 1 APPPATH/Models/Incoming/MasterData/MasterGRModel.php(94): substr(null, -4)
 2 APPPATH/Controllers/Incoming/Form/FormGRController.php(149): App\Models\Incoming\MasterData\MasterGRModel->KodeOtomatisKodeBatch()
 3 SYSTEMPATH/CodeIgniter.php(933): App\Controllers\Incoming\Form\FormGRController->BuatKodeBatch()
 4 SYSTEMPATH/CodeIgniter.php(509): CodeIgniter\CodeIgniter->runController(Object(App\Controllers\Incoming\Form\FormGRController))
 5 SYSTEMPATH/CodeIgniter.php(355): CodeIgniter\CodeIgniter->handleRequest(null, Object(Config\Cache), false)
 6 SYSTEMPATH/Boot.php(312): CodeIgniter\CodeIgniter->run()
 7 SYSTEMPATH/Boot.php(67): CodeIgniter\Boot::runCodeIgniter(Object(CodeIgniter\CodeIgniter))
 8 FCPATH/index.php(56): CodeIgniter\Boot::bootWeb(Object(Config\Paths))
 9 SYSTEMPATH/Commands/Server/rewrite.php(49): require_once('/Users/stefanus/Documents/CODING/BACKEND/PHP/PROJECT/prorgam_scm_repair/public/index.php')
WARNING - 2024-05-14 08:36:13 --> [DEPRECATED] substr(): Passing null to parameter #1 ($string) of type string is deprecated in APPPATH/Models/Incoming/MasterData/MasterGRModel.php on line 112.
 1 APPPATH/Models/Incoming/MasterData/MasterGRModel.php(112): substr(null, -4)
 2 APPPATH/Controllers/Incoming/Form/FormGRController.php(155): App\Models\Incoming\MasterData\MasterGRModel->KodeOtomatisPRD()
 3 SYSTEMPATH/CodeIgniter.php(933): App\Controllers\Incoming\Form\FormGRController->BuatKodePRD()
 4 SYSTEMPATH/CodeIgniter.php(509): CodeIgniter\CodeIgniter->runController(Object(App\Controllers\Incoming\Form\FormGRController))
 5 SYSTEMPATH/CodeIgniter.php(355): CodeIgniter\CodeIgniter->handleRequest(null, Object(Config\Cache), false)
 6 SYSTEMPATH/Boot.php(312): CodeIgniter\CodeIgniter->run()
 7 SYSTEMPATH/Boot.php(67): CodeIgniter\Boot::runCodeIgniter(Object(CodeIgniter\CodeIgniter))
 8 FCPATH/index.php(56): CodeIgniter\Boot::bootWeb(Object(Config\Paths))
 9 SYSTEMPATH/Commands/Server/rewrite.php(49): require_once('/Users/stefanus/Documents/CODING/BACKEND/PHP/PROJECT/prorgam_scm_repair/public/index.php')
INFO - 2024-05-14 08:36:43 --> Session: Class initialized using 'CodeIgniter\Session\Handlers\FileHandler' driver.
INFO - 2024-05-14 08:36:47 --> Session: Class initialized using 'CodeIgniter\Session\Handlers\FileHandler' driver.
INFO - 2024-05-14 08:36:51 --> Session: Class initialized using 'CodeIgniter\Session\Handlers\FileHandler' driver.
INFO - 2024-05-14 08:37:02 --> Session: Class initialized using 'CodeIgniter\Session\Handlers\FileHandler' driver.
INFO - 2024-05-14 08:38:33 --> Session: Class initialized using 'CodeIgniter\Session\Handlers\FileHandler' driver.
INFO - 2024-05-14 08:39:44 --> Session: Class initialized using 'CodeIgniter\Session\Handlers\FileHandler' driver.
INFO - 2024-05-14 08:40:19 --> Session: Class initialized using 'CodeIgniter\Session\Handlers\FileHandler' driver.
INFO - 2024-05-14 08:41:34 --> Session: Class initialized using 'CodeIgniter\Session\Handlers\FileHandler' driver.
INFO - 2024-05-14 08:42:02 --> Session: Class initialized using 'CodeIgniter\Session\Handlers\FileHandler' driver.
INFO - 2024-05-14 08:42:13 --> Session: Class initialized using 'CodeIgniter\Session\Handlers\FileHandler' driver.
INFO - 2024-05-14 08:42:49 --> Session: Class initialized using 'CodeIgniter\Session\Handlers\FileHandler' driver.
INFO - 2024-05-14 08:44:50 --> Session: Class initialized using 'CodeIgniter\Session\Handlers\FileHandler' driver.
INFO - 2024-05-14 08:45:40 --> Session: Class initialized using 'CodeIgniter\Session\Handlers\FileHandler' driver.
INFO - 2024-05-14 08:46:16 --> Session: Class initialized using 'CodeIgniter\Session\Handlers\FileHandler' driver.
WARNING - 2024-05-14 08:46:16 --> [DEPRECATED] substr(): Passing null to parameter #1 ($string) of type string is deprecated in APPPATH/Models/Incoming/MasterData/MasterGRModel.php on line 77.
 1 APPPATH/Models/Incoming/MasterData/MasterGRModel.php(77): substr(null, -4)
 2 APPPATH/Controllers/Incoming/Form/FormGRController.php(142): App\Models\Incoming\MasterData\MasterGRModel->KodeOtomatisGR()
 3 SYSTEMPATH/CodeIgniter.php(933): App\Controllers\Incoming\Form\FormGRController->BuatKodeGR()
 4 SYSTEMPATH/CodeIgniter.php(509): CodeIgniter\CodeIgniter->runController(Object(App\Controllers\Incoming\Form\FormGRController))
 5 SYSTEMPATH/CodeIgniter.php(355): CodeIgniter\CodeIgniter->handleRequest(null, Object(Config\Cache), false)
 6 SYSTEMPATH/Boot.php(312): CodeIgniter\CodeIgniter->run()
 7 SYSTEMPATH/Boot.php(67): CodeIgniter\Boot::runCodeIgniter(Object(CodeIgniter\CodeIgniter))
 8 FCPATH/index.php(56): CodeIgniter\Boot::bootWeb(Object(Config\Paths))
 9 SYSTEMPATH/Commands/Server/rewrite.php(49): require_once('/Users/stefanus/Documents/CODING/BACKEND/PHP/PROJECT/prorgam_scm_repair/public/index.php')
WARNING - 2024-05-14 08:46:16 --> [DEPRECATED] substr(): Passing null to parameter #1 ($string) of type string is deprecated in APPPATH/Models/Incoming/MasterData/MasterGRModel.php on line 112.
 1 APPPATH/Models/Incoming/MasterData/MasterGRModel.php(112): substr(null, -4)
 2 APPPATH/Controllers/Incoming/Form/FormGRController.php(154): App\Models\Incoming\MasterData\MasterGRModel->KodeOtomatisPRD()
 3 SYSTEMPATH/CodeIgniter.php(933): App\Controllers\Incoming\Form\FormGRController->BuatKodePRD()
 4 SYSTEMPATH/CodeIgniter.php(509): CodeIgniter\CodeIgniter->runController(Object(App\Controllers\Incoming\Form\FormGRController))
 5 SYSTEMPATH/CodeIgniter.php(355): CodeIgniter\CodeIgniter->handleRequest(null, Object(Config\Cache), false)
 6 SYSTEMPATH/Boot.php(312): CodeIgniter\CodeIgniter->run()
 7 SYSTEMPATH/Boot.php(67): CodeIgniter\Boot::runCodeIgniter(Object(CodeIgniter\CodeIgniter))
 8 FCPATH/index.php(56): CodeIgniter\Boot::bootWeb(Object(Config\Paths))
 9 SYSTEMPATH/Commands/Server/rewrite.php(49): require_once('/Users/stefanus/Documents/CODING/BACKEND/PHP/PROJECT/prorgam_scm_repair/public/index.php')
WARNING - 2024-05-14 08:46:16 --> [DEPRECATED] substr(): Passing null to parameter #1 ($string) of type string is deprecated in APPPATH/Models/Incoming/MasterData/MasterGRModel.php on line 94.
 1 APPPATH/Models/Incoming/MasterData/MasterGRModel.php(94): substr(null, -4)
 2 APPPATH/Controllers/Incoming/Form/FormGRController.php(148): App\Models\Incoming\MasterData\MasterGRModel->KodeOtomatisKodeBatch()
 3 SYSTEMPATH/CodeIgniter.php(933): App\Controllers\Incoming\Form\FormGRController->BuatKodeBatch()
 4 SYSTEMPATH/CodeIgniter.php(509): CodeIgniter\CodeIgniter->runController(Object(App\Controllers\Incoming\Form\FormGRController))
 5 SYSTEMPATH/CodeIgniter.php(355): CodeIgniter\CodeIgniter->handleRequest(null, Object(Config\Cache), false)
 6 SYSTEMPATH/Boot.php(312): CodeIgniter\CodeIgniter->run()
 7 SYSTEMPATH/Boot.php(67): CodeIgniter\Boot::runCodeIgniter(Object(CodeIgniter\CodeIgniter))
 8 FCPATH/index.php(56): CodeIgniter\Boot::bootWeb(Object(Config\Paths))
 9 SYSTEMPATH/Commands/Server/rewrite.php(49): require_once('/Users/stefanus/Documents/CODING/BACKEND/PHP/PROJECT/prorgam_scm_repair/public/index.php')
INFO - 2024-05-14 08:47:10 --> Session: Class initialized using 'CodeIgniter\Session\Handlers\FileHandler' driver.
INFO - 2024-05-14 08:47:15 --> Session: Class initialized using 'CodeIgniter\Session\Handlers\FileHandler' driver.
INFO - 2024-05-14 08:47:48 --> Session: Class initialized using 'CodeIgniter\Session\Handlers\FileHandler' driver.
INFO - 2024-05-14 08:48:00 --> Session: Class initialized using 'CodeIgniter\Session\Handlers\FileHandler' driver.
INFO - 2024-05-14 08:48:02 --> Session: Class initialized using 'CodeIgniter\Session\Handlers\FileHandler' driver.
INFO - 2024-05-14 08:51:31 --> Session: Class initialized using 'CodeIgniter\Session\Handlers\FileHandler' driver.
CRITICAL - 2024-05-14 08:51:33 --> BadMethodCallException: Call to undefined method App\Models\Incoming\MasterData\MasterGRModel::grouBy
[Method: POST, Route: check_po_fullfiled]
in SYSTEMPATH/Model.php on line 921.
 1 APPPATH/Models/Incoming/MasterData/MasterGRModel.php(180): CodeIgniter\Model->__call('grouBy', [...])
 2 APPPATH/Controllers/Incoming/Form/FormGRController.php(161): App\Models\Incoming\MasterData\MasterGRModel->isPOFullFiled('TEST.PO.2024.04.0010')
 3 SYSTEMPATH/CodeIgniter.php(933): App\Controllers\Incoming\Form\FormGRController->checkPOFulfilled()
 4 SYSTEMPATH/CodeIgniter.php(509): CodeIgniter\CodeIgniter->runController(Object(App\Controllers\Incoming\Form\FormGRController))
 5 SYSTEMPATH/CodeIgniter.php(355): CodeIgniter\CodeIgniter->handleRequest(null, Object(Config\Cache), false)
 6 SYSTEMPATH/Boot.php(312): CodeIgniter\CodeIgniter->run()
 7 SYSTEMPATH/Boot.php(67): CodeIgniter\Boot::runCodeIgniter(Object(CodeIgniter\CodeIgniter))
 8 FCPATH/index.php(56): CodeIgniter\Boot::bootWeb(Object(Config\Paths))
 9 SYSTEMPATH/Commands/Server/rewrite.php(49): require_once('/Users/stefanus/Documents/CODING/BACKEND/PHP/PROJECT/prorgam_scm_repair/public/index.php')
INFO - 2024-05-14 08:53:24 --> Session: Class initialized using 'CodeIgniter\Session\Handlers\FileHandler' driver.
CRITICAL - 2024-05-14 08:53:26 --> BadMethodCallException: Call to undefined method App\Models\Incoming\MasterData\MasterGRModel::grouBy
[Method: POST, Route: check_po_fullfiled]
in SYSTEMPATH/Model.php on line 921.
 1 APPPATH/Models/Incoming/MasterData/MasterGRModel.php(181): CodeIgniter\Model->__call('grouBy', [...])
 2 APPPATH/Controllers/Incoming/Form/FormGRController.php(161): App\Models\Incoming\MasterData\MasterGRModel->isPOFullFiled('TEST.PO.2024.04.0010')
 3 SYSTEMPATH/CodeIgniter.php(933): App\Controllers\Incoming\Form\FormGRController->checkPOFulfilled()
 4 SYSTEMPATH/CodeIgniter.php(509): CodeIgniter\CodeIgniter->runController(Object(App\Controllers\Incoming\Form\FormGRController))
 5 SYSTEMPATH/CodeIgniter.php(355): CodeIgniter\CodeIgniter->handleRequest(null, Object(Config\Cache), false)
 6 SYSTEMPATH/Boot.php(312): CodeIgniter\CodeIgniter->run()
 7 SYSTEMPATH/Boot.php(67): CodeIgniter\Boot::runCodeIgniter(Object(CodeIgniter\CodeIgniter))
 8 FCPATH/index.php(56): CodeIgniter\Boot::bootWeb(Object(Config\Paths))
 9 SYSTEMPATH/Commands/Server/rewrite.php(49): require_once('/Users/stefanus/Documents/CODING/BACKEND/PHP/PROJECT/prorgam_scm_repair/public/index.php')
INFO - 2024-05-14 08:53:59 --> Session: Class initialized using 'CodeIgniter\Session\Handlers\FileHandler' driver.
INFO - 2024-05-14 08:54:28 --> Session: Class initialized using 'CodeIgniter\Session\Handlers\FileHandler' driver.
INFO - 2024-05-14 08:54:41 --> Session: Class initialized using 'CodeIgniter\Session\Handlers\FileHandler' driver.
INFO - 2024-05-14 09:02:52 --> Session: Class initialized using 'CodeIgniter\Session\Handlers\FileHandler' driver.
INFO - 2024-05-14 09:02:57 --> Session: Class initialized using 'CodeIgniter\Session\Handlers\FileHandler' driver.
INFO - 2024-05-14 09:04:54 --> Session: Class initialized using 'CodeIgniter\Session\Handlers\FileHandler' driver.
INFO - 2024-05-14 09:06:23 --> Session: Class initialized using 'CodeIgniter\Session\Handlers\FileHandler' driver.
INFO - 2024-05-14 09:07:02 --> Session: Class initialized using 'CodeIgniter\Session\Handlers\FileHandler' driver.
INFO - 2024-05-14 09:07:09 --> Session: Class initialized using 'CodeIgniter\Session\Handlers\FileHandler' driver.
INFO - 2024-05-14 09:08:48 --> Session: Class initialized using 'CodeIgniter\Session\Handlers\FileHandler' driver.
INFO - 2024-05-14 09:08:57 --> Session: Class initialized using 'CodeIgniter\Session\Handlers\FileHandler' driver.
INFO - 2024-05-14 09:17:02 --> Session: Class initialized using 'CodeIgniter\Session\Handlers\FileHandler' driver.
INFO - 2024-05-14 09:22:38 --> Session: Class initialized using 'CodeIgniter\Session\Handlers\FileHandler' driver.
INFO - 2024-05-14 09:23:03 --> Session: Class initialized using 'CodeIgniter\Session\Handlers\FileHandler' driver.
INFO - 2024-05-14 09:23:20 --> Session: Class initialized using 'CodeIgniter\Session\Handlers\FileHandler' driver.
INFO - 2024-05-14 09:23:47 --> Session: Class initialized using 'CodeIgniter\Session\Handlers\FileHandler' driver.
INFO - 2024-05-14 09:25:09 --> Session: Class initialized using 'CodeIgniter\Session\Handlers\FileHandler' driver.
INFO - 2024-05-14 09:25:13 --> Session: Class initialized using 'CodeIgniter\Session\Handlers\FileHandler' driver.
INFO - 2024-05-14 09:41:06 --> Session: Class initialized using 'CodeIgniter\Session\Handlers\FileHandler' driver.
INFO - 2024-05-14 09:41:08 --> Session: Class initialized using 'CodeIgniter\Session\Handlers\FileHandler' driver.
INFO - 2024-05-14 09:41:59 --> Session: Class initialized using 'CodeIgniter\Session\Handlers\FileHandler' driver.
INFO - 2024-05-14 09:43:36 --> Session: Class initialized using 'CodeIgniter\Session\Handlers\FileHandler' driver.
INFO - 2024-05-14 09:44:25 --> Session: Class initialized using 'CodeIgniter\Session\Handlers\FileHandler' driver.
INFO - 2024-05-14 09:50:26 --> Session: Class initialized using 'CodeIgniter\Session\Handlers\FileHandler' driver.
INFO - 2024-05-14 10:02:22 --> Session: Class initialized using 'CodeIgniter\Session\Handlers\FileHandler' driver.
INFO - 2024-05-14 10:03:12 --> Session: Class initialized using 'CodeIgniter\Session\Handlers\FileHandler' driver.
INFO - 2024-05-14 10:03:29 --> Session: Class initialized using 'CodeIgniter\Session\Handlers\FileHandler' driver.
INFO - 2024-05-14 10:03:45 --> Session: Class initialized using 'CodeIgniter\Session\Handlers\FileHandler' driver.
INFO - 2024-05-14 10:04:11 --> Session: Class initialized using 'CodeIgniter\Session\Handlers\FileHandler' driver.
INFO - 2024-05-14 10:04:47 --> Session: Class initialized using 'CodeIgniter\Session\Handlers\FileHandler' driver.
INFO - 2024-05-14 10:05:11 --> Session: Class initialized using 'CodeIgniter\Session\Handlers\FileHandler' driver.
INFO - 2024-05-14 10:05:12 --> Session: Class initialized using 'CodeIgniter\Session\Handlers\FileHandler' driver.
INFO - 2024-05-14 10:08:59 --> Session: Class initialized using 'CodeIgniter\Session\Handlers\FileHandler' driver.
INFO - 2024-05-14 10:09:22 --> Session: Class initialized using 'CodeIgniter\Session\Handlers\FileHandler' driver.
INFO - 2024-05-14 11:41:08 --> Session: Class initialized using 'CodeIgniter\Session\Handlers\FileHandler' driver.
INFO - 2024-05-14 11:41:11 --> Session: Class initialized using 'CodeIgniter\Session\Handlers\FileHandler' driver.
INFO - 2024-05-14 11:42:14 --> Session: Class initialized using 'CodeIgniter\Session\Handlers\FileHandler' driver.
INFO - 2024-05-14 11:43:00 --> Session: Class initialized using 'CodeIgniter\Session\Handlers\FileHandler' driver.
INFO - 2024-05-14 11:48:34 --> Session: Class initialized using 'CodeIgniter\Session\Handlers\FileHandler' driver.
INFO - 2024-05-14 11:49:16 --> Session: Class initialized using 'CodeIgniter\Session\Handlers\FileHandler' driver.
INFO - 2024-05-14 11:51:34 --> Session: Class initialized using 'CodeIgniter\Session\Handlers\FileHandler' driver.
INFO - 2024-05-14 11:52:31 --> Session: Class initialized using 'CodeIgniter\Session\Handlers\FileHandler' driver.
INFO - 2024-05-14 11:53:04 --> Session: Class initialized using 'CodeIgniter\Session\Handlers\FileHandler' driver.
INFO - 2024-05-14 11:53:51 --> Session: Class initialized using 'CodeIgniter\Session\Handlers\FileHandler' driver.
