INFO - 2024-04-30 00:06:16 --> Session: Class initialized using 'CodeIgniter\Session\Handlers\FileHandler' driver.
CRITICAL - 2024-04-30 07:53:07 --> ErrorException: Undefined variable $pager
[Method: GET, Route: master_barang]
in APPPATH/Views/dashboard/master_data/master_barang.php on line 43.
 1 APPPATH/Views/dashboard/master_data/master_barang.php(43): CodeIgniter\Debug\Exceptions->errorHandler(2, 'Undefined variable $pager', '/Users/stefanus/Documents/CODING/BACKEND/PHP/PROJECT/prorgam_scm_repair/app/Views/dashboard/master_data/master_barang.php', 43)
 2 SYSTEMPATH/View/View.php(234): include('/Users/stefanus/Documents/CODING/BACKEND/PHP/PROJECT/prorgam_scm_repair/app/Views/dashboard/master_data/master_barang.php')
 3 SYSTEMPATH/View/View.php(237): CodeIgniter\View\View->CodeIgniter\View\{closure}()
 4 SYSTEMPATH/Common.php(1171): CodeIgniter\View\View->render('dashboard/master_data/master_barang', [], true)
 5 APPPATH/Controllers/Incoming/MasterData/MasterBarangController.php(15): view('dashboard/master_data/master_barang', [...])
 6 SYSTEMPATH/CodeIgniter.php(933): App\Controllers\Incoming\MasterData\MasterBarangController->ListDataBarang()
 7 SYSTEMPATH/CodeIgniter.php(509): CodeIgniter\CodeIgniter->runController(Object(App\Controllers\Incoming\MasterData\MasterBarangController))
 8 SYSTEMPATH/CodeIgniter.php(355): CodeIgniter\CodeIgniter->handleRequest(null, Object(Config\Cache), false)
 9 SYSTEMPATH/Boot.php(312): CodeIgniter\CodeIgniter->run()
10 SYSTEMPATH/Boot.php(67): CodeIgniter\Boot::runCodeIgniter(Object(CodeIgniter\CodeIgniter))
11 FCPATH/index.php(56): CodeIgniter\Boot::bootWeb(Object(Config\Paths))
12 SYSTEMPATH/Commands/Server/rewrite.php(49): require_once('/Users/stefanus/Documents/CODING/BACKEND/PHP/PROJECT/prorgam_scm_repair/public/index.php')
CRITICAL - 2024-04-30 07:54:04 --> ErrorException: Undefined variable $master_gr
[Method: GET, Route: master_barang]
in APPPATH/Views/dashboard/master_data/master_barang.php on line 59.
 1 APPPATH/Views/dashboard/master_data/master_barang.php(59): CodeIgniter\Debug\Exceptions->errorHandler(2, 'Undefined variable $master_gr', '/Users/stefanus/Documents/CODING/BACKEND/PHP/PROJECT/prorgam_scm_repair/app/Views/dashboard/master_data/master_barang.php', 59)
 2 SYSTEMPATH/View/View.php(234): include('/Users/stefanus/Documents/CODING/BACKEND/PHP/PROJECT/prorgam_scm_repair/app/Views/dashboard/master_data/master_barang.php')
 3 SYSTEMPATH/View/View.php(237): CodeIgniter\View\View->CodeIgniter\View\{closure}()
 4 SYSTEMPATH/Common.php(1171): CodeIgniter\View\View->render('dashboard/master_data/master_barang', [], true)
 5 APPPATH/Controllers/Incoming/MasterData/MasterBarangController.php(16): view('dashboard/master_data/master_barang', [...])
 6 SYSTEMPATH/CodeIgniter.php(933): App\Controllers\Incoming\MasterData\MasterBarangController->ListDataBarang()
 7 SYSTEMPATH/CodeIgniter.php(509): CodeIgniter\CodeIgniter->runController(Object(App\Controllers\Incoming\MasterData\MasterBarangController))
 8 SYSTEMPATH/CodeIgniter.php(355): CodeIgniter\CodeIgniter->handleRequest(null, Object(Config\Cache), false)
 9 SYSTEMPATH/Boot.php(312): CodeIgniter\CodeIgniter->run()
10 SYSTEMPATH/Boot.php(67): CodeIgniter\Boot::runCodeIgniter(Object(CodeIgniter\CodeIgniter))
11 FCPATH/index.php(56): CodeIgniter\Boot::bootWeb(Object(Config\Paths))
12 SYSTEMPATH/Commands/Server/rewrite.php(49): require_once('/Users/stefanus/Documents/CODING/BACKEND/PHP/PROJECT/prorgam_scm_repair/public/index.php')
INFO - 2024-04-30 08:57:41 --> Session: Class initialized using 'CodeIgniter\Session\Handlers\FileHandler' driver.
INFO - 2024-04-30 08:58:01 --> Session: Class initialized using 'CodeIgniter\Session\Handlers\FileHandler' driver.
INFO - 2024-04-30 09:23:48 --> Session: Class initialized using 'CodeIgniter\Session\Handlers\FileHandler' driver.
INFO - 2024-04-30 09:35:08 --> Session: Class initialized using 'CodeIgniter\Session\Handlers\FileHandler' driver.
INFO - 2024-04-30 09:35:48 --> Session: Class initialized using 'CodeIgniter\Session\Handlers\FileHandler' driver.
CRITICAL - 2024-04-30 09:38:34 --> ErrorException: foreach() argument must be of type array|object, null given
[Method: POST, Route: submit_form_good_receive]
in APPPATH/Controllers/Incoming/Form/FormGRController.php on line 56.
 1 APPPATH/Controllers/Incoming/Form/FormGRController.php(56): CodeIgniter\Debug\Exceptions->errorHandler(2, 'foreach() argument must be of type array|object, null given', '/Users/stefanus/Documents/CODING/BACKEND/PHP/PROJECT/prorgam_scm_repair/app/Controllers/Incoming/Form/FormGRController.php', 56)
 2 SYSTEMPATH/CodeIgniter.php(933): App\Controllers\Incoming\Form\FormGRController->InputDataGoodReceive()
 3 SYSTEMPATH/CodeIgniter.php(509): CodeIgniter\CodeIgniter->runController(Object(App\Controllers\Incoming\Form\FormGRController))
 4 SYSTEMPATH/CodeIgniter.php(355): CodeIgniter\CodeIgniter->handleRequest(null, Object(Config\Cache), false)
 5 SYSTEMPATH/Boot.php(312): CodeIgniter\CodeIgniter->run()
 6 SYSTEMPATH/Boot.php(67): CodeIgniter\Boot::runCodeIgniter(Object(CodeIgniter\CodeIgniter))
 7 FCPATH/index.php(56): CodeIgniter\Boot::bootWeb(Object(Config\Paths))
 8 SYSTEMPATH/Commands/Server/rewrite.php(49): require_once('/Users/stefanus/Documents/CODING/BACKEND/PHP/PROJECT/prorgam_scm_repair/public/index.php')
INFO - 2024-04-30 09:38:54 --> Session: Class initialized using 'CodeIgniter\Session\Handlers\FileHandler' driver.
INFO - 2024-04-30 09:56:22 --> Session: Class initialized using 'CodeIgniter\Session\Handlers\FileHandler' driver.
CRITICAL - 2024-04-30 18:29:24 --> ErrorException: Declaration of App\Filters\Options::before(CodeIgniter\HTTP\RequestInterface $request) must be compatible with CodeIgniter\Filters\FilterInterface::before(CodeIgniter\HTTP\RequestInterface $request, $arguments = null)
[Method: GET, Route: /]
in APPPATH/Filters/Options.php on line 9.
 1 [internal function]: CodeIgniter\Debug\Exceptions->shutdownHandler()
