CRITICAL - 2024-05-08 03:25:30 --> Error: Class "Locale" not found
[Method: GET, Route: /]
in SYSTEMPATH\CodeIgniter.php on line 190.
 1 SYSTEMPATH\Boot.php(299): CodeIgniter\CodeIgniter->initialize()
 2 SYSTEMPATH\Boot.php(101): CodeIgniter\Boot::initializeCodeIgniter()
 3 ROOTPATH\spark(84): CodeIgniter\Boot::bootSpark(Object(Config\Paths))
CRITICAL - 2024-05-08 03:25:30 --> ErrorException: Uncaught Error: Class "Locale" not found in S:\SCM\program_scm\system\I18n\TimeTrait.php:76
Stack trace:
#0 S:\SCM\program_scm\system\I18n\TimeTrait.php(117): CodeIgniter\I18n\Time->__construct(NULL, NULL, NULL)
#1 S:\SCM\program_scm\system\HTTP\ResponseTrait.php(395): CodeIgniter\I18n\Time::now()
#2 S:\SCM\program_scm\system\HTTP\ResponseTrait.php(373): CodeIgniter\HTTP\Response->sendHeaders()
#3 S:\SCM\program_scm\system\Debug\ExceptionHandler.php(83): CodeIgniter\HTTP\Response->send()
#4 S:\SCM\program_scm\system\Debug\Exceptions.php(163): CodeIgniter\Debug\ExceptionHandler->handle(Object(Error), Object(CodeIgniter\HTTP\IncomingRequest), Object(CodeIgniter\HTTP\Response), 500, 1)
#5 [internal function]: CodeIgniter\Debug\Exceptions->exceptionHandler(Object(Error))
#6 {main}
  thrown
【Previous Exception】
Error
Class "Locale" not found
#0 S:\SCM\program_scm\system\Boot.php(299): CodeIgniter\CodeIgniter->initialize()
#1 S:\SCM\program_scm\system\Boot.php(101): CodeIgniter\Boot::initializeCodeIgniter()
#2 S:\SCM\program_scm\spark(84): CodeIgniter\Boot::bootSpark(Object(Config\Paths))
#3 {main}
[Method: GET, Route: /]
in SYSTEMPATH\I18n\TimeTrait.php on line 76.
 1 [internal function]: CodeIgniter\Debug\Exceptions->shutdownHandler()
CRITICAL - 2024-05-08 03:29:07 --> Error: Class "Locale" not found
[Method: GET, Route: /]
in SYSTEMPATH\CodeIgniter.php on line 190.
 1 SYSTEMPATH\Boot.php(299): CodeIgniter\CodeIgniter->initialize()
 2 SYSTEMPATH\Boot.php(101): CodeIgniter\Boot::initializeCodeIgniter()
 3 ROOTPATH\spark(84): CodeIgniter\Boot::bootSpark(Object(Config\Paths))
CRITICAL - 2024-05-08 03:29:07 --> ErrorException: Uncaught Error: Class "Locale" not found in S:\SCM\program_scm\system\I18n\TimeTrait.php:76
Stack trace:
#0 S:\SCM\program_scm\system\I18n\TimeTrait.php(117): CodeIgniter\I18n\Time->__construct(NULL, NULL, NULL)
#1 S:\SCM\program_scm\system\HTTP\ResponseTrait.php(395): CodeIgniter\I18n\Time::now()
#2 S:\SCM\program_scm\system\HTTP\ResponseTrait.php(373): CodeIgniter\HTTP\Response->sendHeaders()
#3 S:\SCM\program_scm\system\Debug\ExceptionHandler.php(83): CodeIgniter\HTTP\Response->send()
#4 S:\SCM\program_scm\system\Debug\Exceptions.php(163): CodeIgniter\Debug\ExceptionHandler->handle(Object(Error), Object(CodeIgniter\HTTP\IncomingRequest), Object(CodeIgniter\HTTP\Response), 500, 1)
#5 [internal function]: CodeIgniter\Debug\Exceptions->exceptionHandler(Object(Error))
#6 {main}
  thrown
【Previous Exception】
Error
Class "Locale" not found
#0 S:\SCM\program_scm\system\Boot.php(299): CodeIgniter\CodeIgniter->initialize()
#1 S:\SCM\program_scm\system\Boot.php(101): CodeIgniter\Boot::initializeCodeIgniter()
#2 S:\SCM\program_scm\spark(84): CodeIgniter\Boot::bootSpark(Object(Config\Paths))
#3 {main}
[Method: GET, Route: /]
in SYSTEMPATH\I18n\TimeTrait.php on line 76.
 1 [internal function]: CodeIgniter\Debug\Exceptions->shutdownHandler()
CRITICAL - 2024-05-08 03:55:02 --> Error: Class "Locale" not found
[Method: GET, Route: /]
in SYSTEMPATH\CodeIgniter.php on line 190.
 1 SYSTEMPATH\Boot.php(299): CodeIgniter\CodeIgniter->initialize()
 2 SYSTEMPATH\Boot.php(101): CodeIgniter\Boot::initializeCodeIgniter()
 3 ROOTPATH\spark(84): CodeIgniter\Boot::bootSpark(Object(Config\Paths))
CRITICAL - 2024-05-08 03:55:02 --> ErrorException: Uncaught Error: Class "Locale" not found in S:\SCM\program_scm\system\I18n\TimeTrait.php:76
Stack trace:
#0 S:\SCM\program_scm\system\I18n\TimeTrait.php(117): CodeIgniter\I18n\Time->__construct(NULL, NULL, NULL)
#1 S:\SCM\program_scm\system\HTTP\ResponseTrait.php(395): CodeIgniter\I18n\Time::now()
#2 S:\SCM\program_scm\system\HTTP\ResponseTrait.php(373): CodeIgniter\HTTP\Response->sendHeaders()
#3 S:\SCM\program_scm\system\Debug\ExceptionHandler.php(83): CodeIgniter\HTTP\Response->send()
#4 S:\SCM\program_scm\system\Debug\Exceptions.php(163): CodeIgniter\Debug\ExceptionHandler->handle(Object(Error), Object(CodeIgniter\HTTP\IncomingRequest), Object(CodeIgniter\HTTP\Response), 500, 1)
#5 [internal function]: CodeIgniter\Debug\Exceptions->exceptionHandler(Object(Error))
#6 {main}
  thrown
【Previous Exception】
Error
Class "Locale" not found
#0 S:\SCM\program_scm\system\Boot.php(299): CodeIgniter\CodeIgniter->initialize()
#1 S:\SCM\program_scm\system\Boot.php(101): CodeIgniter\Boot::initializeCodeIgniter()
#2 S:\SCM\program_scm\spark(84): CodeIgniter\Boot::bootSpark(Object(Config\Paths))
#3 {main}
[Method: GET, Route: /]
in SYSTEMPATH\I18n\TimeTrait.php on line 76.
 1 [internal function]: CodeIgniter\Debug\Exceptions->shutdownHandler()
CRITICAL - 2024-05-08 03:58:39 --> Error: Class "Locale" not found
[Method: GET, Route: /]
in SYSTEMPATH\CodeIgniter.php on line 190.
 1 SYSTEMPATH\Boot.php(299): CodeIgniter\CodeIgniter->initialize()
 2 SYSTEMPATH\Boot.php(101): CodeIgniter\Boot::initializeCodeIgniter()
 3 ROOTPATH\spark(84): CodeIgniter\Boot::bootSpark(Object(Config\Paths))
CRITICAL - 2024-05-08 03:58:39 --> ErrorException: Uncaught Error: Class "Locale" not found in S:\SCM\program_scm\system\I18n\TimeTrait.php:76
Stack trace:
#0 S:\SCM\program_scm\system\I18n\TimeTrait.php(117): CodeIgniter\I18n\Time->__construct(NULL, NULL, NULL)
#1 S:\SCM\program_scm\system\HTTP\ResponseTrait.php(395): CodeIgniter\I18n\Time::now()
#2 S:\SCM\program_scm\system\HTTP\ResponseTrait.php(373): CodeIgniter\HTTP\Response->sendHeaders()
#3 S:\SCM\program_scm\system\Debug\ExceptionHandler.php(83): CodeIgniter\HTTP\Response->send()
#4 S:\SCM\program_scm\system\Debug\Exceptions.php(163): CodeIgniter\Debug\ExceptionHandler->handle(Object(Error), Object(CodeIgniter\HTTP\IncomingRequest), Object(CodeIgniter\HTTP\Response), 500, 1)
#5 [internal function]: CodeIgniter\Debug\Exceptions->exceptionHandler(Object(Error))
#6 {main}
  thrown
【Previous Exception】
Error
Class "Locale" not found
#0 S:\SCM\program_scm\system\Boot.php(299): CodeIgniter\CodeIgniter->initialize()
#1 S:\SCM\program_scm\system\Boot.php(101): CodeIgniter\Boot::initializeCodeIgniter()
#2 S:\SCM\program_scm\spark(84): CodeIgniter\Boot::bootSpark(Object(Config\Paths))
#3 {main}
[Method: GET, Route: /]
in SYSTEMPATH\I18n\TimeTrait.php on line 76.
 1 [internal function]: CodeIgniter\Debug\Exceptions->shutdownHandler()
INFO - 2024-05-08 02:00:12 --> Session: Class initialized using 'CodeIgniter\Session\Handlers\FileHandler' driver.
INFO - 2024-05-08 02:39:07 --> Session: Class initialized using 'CodeIgniter\Session\Handlers\FileHandler' driver.
INFO - 2024-05-08 02:39:07 --> Session: Class initialized using 'CodeIgniter\Session\Handlers\FileHandler' driver.
INFO - 2024-05-08 02:39:19 --> Session: Class initialized using 'CodeIgniter\Session\Handlers\FileHandler' driver.
INFO - 2024-05-08 02:40:50 --> Session: Class initialized using 'CodeIgniter\Session\Handlers\FileHandler' driver.
INFO - 2024-05-08 03:34:13 --> Session: Class initialized using 'CodeIgniter\Session\Handlers\FileHandler' driver.
